There are 21 ligand heavy atoms
Ligand center of coords (x y z): 8.76380952380952 20.6243333333333 22.5917619047619
useligsph flag does not exist.
Starting number of spheres from all_spheres.sph cluster 0: 1355
FINISHED READING IN FILE all_spheres.sph CLUSTER 0 
Number of sphere points after cutting off spheres too far from center of ligand (12 angstroms): 967
Number of spheres after removing too far (>7 angstroms) and too close to receptor (<1.2 angstroms): 967
Number of spheres polar: 119, nonpolar: 568, out of current total: 967
Extents of grid to search are X1 X2 Y1 Y2 Z1 Z2: -3.17517 20.28742 8.63375 32.62167 10.66442 34.56069
Number of spheres after removing spheres too close to each other (approximately <1.5 angstroms): 295
Number of spheres after second pass removing spheres absolutely <0.8 from each other: 242
No crystallographic spheres present, so determining sphere nearest center of ligand (x y z): 8.76380952380952 20.6243333333333 22.5917619047619
Center point: 170 xyz: 9.23656 20.46647 22.62321
After continuity checking, number of spheres is: 191
Spheres center of coords (x y z): 3.82204717277487 23.8273604188482 23.1549341884817
Not crystallographic ligand, so keeping spheres closest to center of receptor, center of ligand, and center of spheres
Receptor center of coords (x y z): 17.7643243448538 9.03466995822257 14.8953613748576
Average weighted-distance for final elimination is: 37.1848424894576
Final number of output spheres is: 120
Number of polar spheres: 29
Number of nonpolar spheres: 64
Number of spheres that are near neither polar nor nonpolar receptor atoms: 27
Final number of spheres that are from crystallographic ligand: 0
