There are 24 ligand heavy atoms
Ligand center of coords (x y z): 50.2124166666667 55.9698333333333 20.03275
useligsph flag does not exist.
Starting number of spheres from all_spheres.sph cluster 0: 915
FINISHED READING IN FILE all_spheres.sph CLUSTER 0 
Number of sphere points after cutting off spheres too far from center of ligand (12 angstroms): 790
Number of spheres after removing too far (>7 angstroms) and too close to receptor (<1.2 angstroms): 785
Number of spheres polar: 199, nonpolar: 464, out of current total: 785
Extents of grid to search are X1 X2 Y1 Y2 Z1 Z2: 38.26307 59.98117 43.98315 66.66860 8.16639 31.48352
Number of spheres after removing spheres too close to each other (approximately <1.5 angstroms): 244
Number of spheres after second pass removing spheres absolutely <0.8 from each other: 215
No crystallographic spheres present, so determining sphere nearest center of ligand (x y z): 50.2124166666667 55.9698333333333 20.03275
Center point: 124 xyz: 50.11430 55.83735 20.04780
After continuity checking, number of spheres is: 190
Spheres center of coords (x y z): 47.1231502105263 54.425545368421 16.7560954736842
Not crystallographic ligand, so keeping spheres closest to center of receptor, center of ligand, and center of spheres
Receptor center of coords (x y z): 58.694106051704 52.1313428319623 23.8569670975323
Average weighted-distance for final elimination is: 30.04682529375
Final number of output spheres is: 120
Number of polar spheres: 40
Number of nonpolar spheres: 73
Number of spheres that are near neither polar nor nonpolar receptor atoms: 7
Final number of spheres that are from crystallographic ligand: 0
