There are 33 ligand heavy atoms
Ligand center of coords (x y z): 17.1932424242424 -12.3972424242424 21.7308484848485
useligsph flag does not exist.
Starting number of spheres from all_spheres.sph cluster 0: 1510
FINISHED READING IN FILE all_spheres.sph CLUSTER 0 
Number of sphere points after cutting off spheres too far from center of ligand (12 angstroms): 1045
Number of spheres after removing too far (>7 angstroms) and too close to receptor (<1.2 angstroms): 1032
Number of spheres polar: 271, nonpolar: 460, out of current total: 1032
Extents of grid to search are X1 X2 Y1 Y2 Z1 Z2: 5.22690 28.94936 -23.93400 -2.79964 9.91838 33.66321
Number of spheres after removing spheres too close to each other (approximately <1.5 angstroms): 356
Number of spheres after second pass removing spheres absolutely <0.8 from each other: 286
No crystallographic spheres present, so determining sphere nearest center of ligand (x y z): 17.1932424242424 -12.3972424242424 21.7308484848485
Center point: 83 xyz: 17.02787 -12.89446 20.44187
After continuity checking, number of spheres is: 263
Spheres center of coords (x y z): 17.2292456653992 -15.4034704942966 20.814811825095
Not crystallographic ligand, so keeping spheres closest to center of receptor, center of ligand, and center of spheres
Receptor center of coords (x y z): 12.5501593076651 0.308779583186154 19.4768247968915
Average weighted-distance for final elimination is: 34.7886448367747
Final number of output spheres is: 120
Number of polar spheres: 33
Number of nonpolar spheres: 52
Number of spheres that are near neither polar nor nonpolar receptor atoms: 35
Final number of spheres that are from crystallographic ligand: 0
