There are 33 ligand heavy atoms
Ligand center of coords (x y z): 17.1932424242424 -12.3972424242424 21.7308484848485
Using crystallographic ligand as spheres for output
Starting number of spheres from sph/sph cluster 0: 1510
FINISHED READING IN FILE sph/sph CLUSTER 0 
Number of sphere points after cutting off spheres too far from center of ligand (10 angstroms): 852
Number of spheres after removing too far (>7 angstroms) and too close to receptor (<1.2 angstroms): 850
Number of spheres polar: 201, nonpolar: 406, out of current total: 850
Extents of grid to search are X1 X2 Y1 Y2 Z1 Z2: 7.23643 27.18985 -21.99672 -3.36600 11.76474 31.72684
Number of spheres after removing spheres too close to each other (approximately <1.5 angstroms): 283
Number of spheres after second pass removing spheres absolutely <0.8 from each other: 241
Crystallographic spheres are present, so doing continuity based on crystallographic spheres
After continuity checking, number of spheres is: 225
Spheres center of coords (x y z): 17.2676004444444 -15.0695456444444 21.4672345333333
Crystallographic ligand, so keeping spheres closest to ANY ligand atom, center of ligand (1/8), and center of spheres (1/8)
Average weighted-distance for final elimination is: 5.54350433150422
Final number of output spheres is: 45
Number of polar spheres: 15
Number of nonpolar spheres: 26
Number of spheres that are near neither polar nor nonpolar receptor atoms: 4
Final number of spheres that are from crystallographic ligand: 33
