There are 30 ligand heavy atoms
Ligand center of coords (x y z): 25.9416333333333 38.7035 84.261
Using crystallographic ligand as spheres for output
Starting number of spheres from sph/sph cluster 0: 1170
FINISHED READING IN FILE sph/sph CLUSTER 0 
Number of sphere points after cutting off spheres too far from center of ligand (10 angstroms): 752
Number of spheres after removing too far (>7 angstroms) and too close to receptor (<1.2 angstroms): 747
Number of spheres polar: 185, nonpolar: 350, out of current total: 747
Extents of grid to search are X1 X2 Y1 Y2 Z1 Z2: 15.94342 35.92078 28.87421 48.51200 74.29585 94.20819
Number of spheres after removing spheres too close to each other (approximately <1.5 angstroms): 280
Number of spheres after second pass removing spheres absolutely <0.8 from each other: 235
Crystallographic spheres are present, so doing continuity based on crystallographic spheres
After continuity checking, number of spheres is: 206
Spheres center of coords (x y z): 26.1455940291262 39.9107482038835 85.9467169902912
Crystallographic ligand, so keeping spheres closest to ANY ligand atom, center of ligand (1/8), and center of spheres (1/8)
Average weighted-distance for final elimination is: 5.52910771303674
Final number of output spheres is: 45
Number of polar spheres: 10
Number of nonpolar spheres: 25
Number of spheres that are near neither polar nor nonpolar receptor atoms: 10
Final number of spheres that are from crystallographic ligand: 30
