There are 37 ligand heavy atoms
Ligand center of coords (x y z): 9.37894594594595 11.7009459459459 -21.9868378378378
Using crystallographic ligand as spheres for output
Starting number of spheres from sph/sph cluster 0: 457
FINISHED READING IN FILE sph/sph CLUSTER 0 
Number of sphere points after cutting off spheres too far from center of ligand (10 angstroms): 345
WARNING: removing a crystallographic sphere that is distance 7.58633620399202 angstroms from closest receptor atom
WARNING: removing a crystallographic sphere that is distance 8.07861101922849 angstroms from closest receptor atom
Number of spheres after removing too far (>7 angstroms) and too close to receptor (<1.2 angstroms): 340
Number of spheres polar: 80, nonpolar: 140, out of current total: 340
Extents of grid to search are X1 X2 Y1 Y2 Z1 Z2: -0.50872 19.33775 2.75850 21.66305 -28.47584 -12.33834
Number of spheres after removing spheres too close to each other (approximately <1.5 angstroms): 158
Number of spheres after second pass removing spheres absolutely <0.8 from each other: 133
Crystallographic spheres are present, so doing continuity based on crystallographic spheres
After continuity checking, number of spheres is: 117
Spheres center of coords (x y z): 10.0234523931624 10.9280094871795 -20.0276394871795
Crystallographic ligand, so keeping spheres closest to ANY ligand atom, center of ligand (1/8), and center of spheres (1/8)
Average weighted-distance for final elimination is: 4.50141609976816
Final number of output spheres is: 45
Number of polar spheres: 12
Number of nonpolar spheres: 17
Number of spheres that are near neither polar nor nonpolar receptor atoms: 16
Final number of spheres that are from crystallographic ligand: 35
