There are 40 ligand heavy atoms
Ligand center of coords (x y z): 10.397175 41.86925 31.866675
useligsph flag does not exist.
Starting number of spheres from all_spheres.sph cluster 0: 1403
FINISHED READING IN FILE all_spheres.sph CLUSTER 0 
Number of sphere points after cutting off spheres too far from center of ligand (12 angstroms): 932
Number of spheres after removing too far (>7 angstroms) and too close to receptor (<1.2 angstroms): 927
Number of spheres polar: 183, nonpolar: 442, out of current total: 927
Extents of grid to search are X1 X2 Y1 Y2 Z1 Z2: -0.86705 21.73981 29.88120 53.84893 19.87136 43.75078
Number of spheres after removing spheres too close to each other (approximately <1.5 angstroms): 369
Number of spheres after second pass removing spheres absolutely <0.8 from each other: 305
No crystallographic spheres present, so determining sphere nearest center of ligand (x y z): 10.397175 41.86925 31.866675
Center point: 208 xyz: 9.30774 42.28283 31.89000
After continuity checking, number of spheres is: 238
Spheres center of coords (x y z): 7.70167777310924 41.8855353361344 33.8703725210084
Not crystallographic ligand, so keeping spheres closest to center of receptor, center of ligand, and center of spheres
Receptor center of coords (x y z): 23.1877028652282 33.330343473647 39.0732900601344
Average weighted-distance for final elimination is: 35.8805276517871
Final number of output spheres is: 120
Number of polar spheres: 33
Number of nonpolar spheres: 47
Number of spheres that are near neither polar nor nonpolar receptor atoms: 40
Final number of spheres that are from crystallographic ligand: 0
