There are 30 ligand heavy atoms
Ligand center of coords (x y z): 5.51396666666667 -6.49043333333333 21.1816333333333
useligsph flag does not exist.
Starting number of spheres from all_spheres.sph cluster 0: 1019
FINISHED READING IN FILE all_spheres.sph CLUSTER 0 
Number of sphere points after cutting off spheres too far from center of ligand (12 angstroms): 784
Number of spheres after removing too far (>7 angstroms) and too close to receptor (<1.2 angstroms): 781
Number of spheres polar: 229, nonpolar: 416, out of current total: 781
Extents of grid to search are X1 X2 Y1 Y2 Z1 Z2: -6.34560 17.03218 -18.19487 5.48772 9.29531 33.17812
Number of spheres after removing spheres too close to each other (approximately <1.5 angstroms): 311
Number of spheres after second pass removing spheres absolutely <0.8 from each other: 237
No crystallographic spheres present, so determining sphere nearest center of ligand (x y z): 5.51396666666667 -6.49043333333333 21.1816333333333
Center point: 59 xyz: 5.13453 -5.87551 21.68924
After continuity checking, number of spheres is: 174
Spheres center of coords (x y z): 7.89882109195402 -5.55018155172414 23.6458766666667
Not crystallographic ligand, so keeping spheres closest to center of receptor, center of ligand, and center of spheres
Receptor center of coords (x y z): 13.1094398745207 0.971784942488672 15.6807870338097
Average weighted-distance for final elimination is: 29.5980302200515
Final number of output spheres is: 120
Number of polar spheres: 43
Number of nonpolar spheres: 55
Number of spheres that are near neither polar nor nonpolar receptor atoms: 22
Final number of spheres that are from crystallographic ligand: 0
