There are 37 ligand heavy atoms
Ligand center of coords (x y z): 14.8518648648649 13.319 34.5868108108108
Using crystallographic ligand as spheres for output
Starting number of spheres from sph/sph cluster 0: 1493
FINISHED READING IN FILE sph/sph CLUSTER 0 
Number of sphere points after cutting off spheres too far from center of ligand (10 angstroms): 868
Number of spheres after removing too far (>7 angstroms) and too close to receptor (<1.2 angstroms): 868
Number of spheres polar: 73, nonpolar: 523, out of current total: 868
Extents of grid to search are X1 X2 Y1 Y2 Z1 Z2: 4.86632 23.88915 3.31984 21.93700 24.61894 44.39165
Number of spheres after removing spheres too close to each other (approximately <1.5 angstroms): 271
Number of spheres after second pass removing spheres absolutely <0.8 from each other: 232
Crystallographic spheres are present, so doing continuity based on crystallographic spheres
After continuity checking, number of spheres is: 217
Spheres center of coords (x y z): 12.5328067741935 11.4004480645161 35.7760892626728
Crystallographic ligand, so keeping spheres closest to ANY ligand atom, center of ligand (1/8), and center of spheres (1/8)
Average weighted-distance for final elimination is: 4.78191794136442
Final number of output spheres is: 45
Number of polar spheres: 7
Number of nonpolar spheres: 27
Number of spheres that are near neither polar nor nonpolar receptor atoms: 11
Final number of spheres that are from crystallographic ligand: 37
