There are 31 ligand heavy atoms
Ligand center of coords (x y z): 22.5083548387097 -18.8072903225806 8.45432258064516
Using crystallographic ligand as spheres for output
Starting number of spheres from sph/sph cluster 0: 1604
FINISHED READING IN FILE sph/sph CLUSTER 0 
Number of sphere points after cutting off spheres too far from center of ligand (10 angstroms): 865
Number of spheres after removing too far (>7 angstroms) and too close to receptor (<1.2 angstroms): 865
Number of spheres polar: 97, nonpolar: 539, out of current total: 865
Extents of grid to search are X1 X2 Y1 Y2 Z1 Z2: 12.60031 32.43760 -28.79584 -8.82623 -1.50071 18.36876
Number of spheres after removing spheres too close to each other (approximately <1.5 angstroms): 252
Number of spheres after second pass removing spheres absolutely <0.8 from each other: 209
Crystallographic spheres are present, so doing continuity based on crystallographic spheres
After continuity checking, number of spheres is: 196
Spheres center of coords (x y z): 21.2778685714286 -23.2564370918367 8.04880642857143
Crystallographic ligand, so keeping spheres closest to ANY ligand atom, center of ligand (1/8), and center of spheres (1/8)
Average weighted-distance for final elimination is: 6.24559557372518
Final number of output spheres is: 45
Number of polar spheres: 12
Number of nonpolar spheres: 31
Number of spheres that are near neither polar nor nonpolar receptor atoms: 2
Final number of spheres that are from crystallographic ligand: 31
