There are 23 ligand heavy atoms
Ligand center of coords (x y z): -9.52621739130435 2.77686956521739 20.6457826086957
Using crystallographic ligand as spheres for output
Starting number of spheres from sph/sph cluster 0: 1020
FINISHED READING IN FILE sph/sph CLUSTER 0 
Number of sphere points after cutting off spheres too far from center of ligand (10 angstroms): 578
Number of spheres after removing too far (>7 angstroms) and too close to receptor (<1.2 angstroms): 573
Number of spheres polar: 161, nonpolar: 297, out of current total: 573
Extents of grid to search are X1 X2 Y1 Y2 Z1 Z2: -15.86448 0.31721 -7.06800 12.74010 12.03034 30.57914
Number of spheres after removing spheres too close to each other (approximately <1.5 angstroms): 190
Number of spheres after second pass removing spheres absolutely <0.8 from each other: 163
Crystallographic spheres are present, so doing continuity based on crystallographic spheres
After continuity checking, number of spheres is: 160
Spheres center of coords (x y z): -7.1099371875 4.2053206875 23.0381999375
Crystallographic ligand, so keeping spheres closest to ANY ligand atom, center of ligand (1/8), and center of spheres (1/8)
Average weighted-distance for final elimination is: 6.36750210699564
Final number of output spheres is: 45
Number of polar spheres: 21
Number of nonpolar spheres: 22
Number of spheres that are near neither polar nor nonpolar receptor atoms: 2
Final number of spheres that are from crystallographic ligand: 23
