There are 36 ligand heavy atoms
Ligand center of coords (x y z): 39.8517222222222 30.2946666666667 9.33466666666667
Using crystallographic ligand as spheres for output
Starting number of spheres from sph/sph cluster 0: 1867
FINISHED READING IN FILE sph/sph CLUSTER 0 
Number of sphere points after cutting off spheres too far from center of ligand (10 angstroms): 830
Number of spheres after removing too far (>7 angstroms) and too close to receptor (<1.2 angstroms): 830
Number of spheres polar: 216, nonpolar: 506, out of current total: 830
Extents of grid to search are X1 X2 Y1 Y2 Z1 Z2: 29.86083 49.75898 20.30415 40.24644 -0.65183 19.11098
Number of spheres after removing spheres too close to each other (approximately <1.5 angstroms): 221
Number of spheres after second pass removing spheres absolutely <0.8 from each other: 184
Crystallographic spheres are present, so doing continuity based on crystallographic spheres
After continuity checking, number of spheres is: 117
Spheres center of coords (x y z): 39.0222372649573 31.1698053846154 8.19864188034188
Crystallographic ligand, so keeping spheres closest to ANY ligand atom, center of ligand (1/8), and center of spheres (1/8)
Average weighted-distance for final elimination is: 3.21141027068978
Final number of output spheres is: 45
Number of polar spheres: 11
Number of nonpolar spheres: 26
Number of spheres that are near neither polar nor nonpolar receptor atoms: 8
Final number of spheres that are from crystallographic ligand: 36
