There are 26 ligand heavy atoms
Ligand center of coords (x y z): 25.3810769230769 76.9123461538462 83.6137307692307
useligsph flag does not exist.
Starting number of spheres from all_spheres.sph cluster 0: 893
FINISHED READING IN FILE all_spheres.sph CLUSTER 0 
Number of sphere points after cutting off spheres too far from center of ligand (12 angstroms): 693
Number of spheres after removing too far (>7 angstroms) and too close to receptor (<1.2 angstroms): 669
Number of spheres polar: 100, nonpolar: 211, out of current total: 669
Extents of grid to search are X1 X2 Y1 Y2 Z1 Z2: 13.68006 37.35902 65.15291 88.89912 71.66326 95.36900
Number of spheres after removing spheres too close to each other (approximately <1.5 angstroms): 303
Number of spheres after second pass removing spheres absolutely <0.8 from each other: 254
No crystallographic spheres present, so determining sphere nearest center of ligand (x y z): 25.3810769230769 76.9123461538462 83.6137307692307
Center point: 173 xyz: 24.27487 78.13058 82.47036
After continuity checking, number of spheres is: 217
Spheres center of coords (x y z): 26.9937824423963 79.2994436866359 84.9873610138249
Not crystallographic ligand, so keeping spheres closest to center of receptor, center of ligand, and center of spheres
Receptor center of coords (x y z): 33.6752640570933 94.8606508434256 88.9199983780277
Average weighted-distance for final elimination is: 35.8991558723201
Final number of output spheres is: 120
Number of polar spheres: 23
Number of nonpolar spheres: 32
Number of spheres that are near neither polar nor nonpolar receptor atoms: 65
Final number of spheres that are from crystallographic ligand: 0
