There are 26 ligand heavy atoms
Ligand center of coords (x y z): 25.3810769230769 76.9123461538462 83.6137307692307
Using crystallographic ligand as spheres for output
Starting number of spheres from sph/sph cluster 0: 893
FINISHED READING IN FILE sph/sph CLUSTER 0 
Number of sphere points after cutting off spheres too far from center of ligand (10 angstroms): 569
Number of spheres after removing too far (>7 angstroms) and too close to receptor (<1.2 angstroms): 554
Number of spheres polar: 95, nonpolar: 197, out of current total: 554
Extents of grid to search are X1 X2 Y1 Y2 Z1 Z2: 17.27962 35.36810 67.15275 86.88709 73.75566 93.49456
Number of spheres after removing spheres too close to each other (approximately <1.5 angstroms): 232
Number of spheres after second pass removing spheres absolutely <0.8 from each other: 200
Crystallographic spheres are present, so doing continuity based on crystallographic spheres
After continuity checking, number of spheres is: 184
Spheres center of coords (x y z): 27.1075492391304 78.6460617391304 84.1986896195652
Crystallographic ligand, so keeping spheres closest to ANY ligand atom, center of ligand (1/8), and center of spheres (1/8)
Average weighted-distance for final elimination is: 6.25672820005435
Final number of output spheres is: 45
Number of polar spheres: 9
Number of nonpolar spheres: 22
Number of spheres that are near neither polar nor nonpolar receptor atoms: 14
Final number of spheres that are from crystallographic ligand: 26
