There are 24 ligand heavy atoms
Ligand center of coords (x y z): 22.2345833333333 18.065125 34.9840416666667
useligsph flag does not exist.
Starting number of spheres from all_spheres.sph cluster 0: 886
FINISHED READING IN FILE all_spheres.sph CLUSTER 0 
Number of sphere points after cutting off spheres too far from center of ligand (12 angstroms): 651
Number of spheres after removing too far (>7 angstroms) and too close to receptor (<1.2 angstroms): 648
Number of spheres polar: 234, nonpolar: 193, out of current total: 648
Extents of grid to search are X1 X2 Y1 Y2 Z1 Z2: 10.36862 32.02948 6.16777 29.98545 22.99523 46.97350
Number of spheres after removing spheres too close to each other (approximately <1.5 angstroms): 288
Number of spheres after second pass removing spheres absolutely <0.8 from each other: 213
No crystallographic spheres present, so determining sphere nearest center of ligand (x y z): 22.2345833333333 18.065125 34.9840416666667
Center point: 164 xyz: 22.67028 18.50918 34.44524
After continuity checking, number of spheres is: 176
Spheres center of coords (x y z): 25.7287366477273 17.5857303977273 35.4101772727273
Not crystallographic ligand, so keeping spheres closest to center of receptor, center of ligand, and center of spheres
Receptor center of coords (x y z): 14.0511706599412 9.9108793610761 29.9725161832702
Average weighted-distance for final elimination is: 31.8254039577633
Final number of output spheres is: 120
Number of polar spheres: 37
Number of nonpolar spheres: 29
Number of spheres that are near neither polar nor nonpolar receptor atoms: 54
Final number of spheres that are from crystallographic ligand: 0
