There are 24 ligand heavy atoms
Ligand center of coords (x y z): 22.2345833333333 18.065125 34.9840416666667
Using crystallographic ligand as spheres for output
Starting number of spheres from sph/sph cluster 0: 886
FINISHED READING IN FILE sph/sph CLUSTER 0 
Number of sphere points after cutting off spheres too far from center of ligand (10 angstroms): 548
Number of spheres after removing too far (>7 angstroms) and too close to receptor (<1.2 angstroms): 545
Number of spheres polar: 171, nonpolar: 177, out of current total: 545
Extents of grid to search are X1 X2 Y1 Y2 Z1 Z2: 12.73312 32.02948 8.26937 27.94844 26.32758 44.97277
Number of spheres after removing spheres too close to each other (approximately <1.5 angstroms): 225
Number of spheres after second pass removing spheres absolutely <0.8 from each other: 192
Crystallographic spheres are present, so doing continuity based on crystallographic spheres
After continuity checking, number of spheres is: 176
Spheres center of coords (x y z): 25.6947832954545 17.7724514204545 34.9985720454546
Crystallographic ligand, so keeping spheres closest to ANY ligand atom, center of ligand (1/8), and center of spheres (1/8)
Average weighted-distance for final elimination is: 6.08906796423252
Final number of output spheres is: 45
Number of polar spheres: 14
Number of nonpolar spheres: 24
Number of spheres that are near neither polar nor nonpolar receptor atoms: 7
Final number of spheres that are from crystallographic ligand: 24
