There are 27 ligand heavy atoms
Ligand center of coords (x y z): 50.8265555555556 43.2287037037037 -2.52403703703704
Using crystallographic ligand as spheres for output
Starting number of spheres from sph/sph cluster 0: 1388
FINISHED READING IN FILE sph/sph CLUSTER 0 
Number of sphere points after cutting off spheres too far from center of ligand (10 angstroms): 764
Number of spheres after removing too far (>7 angstroms) and too close to receptor (<1.2 angstroms): 764
Number of spheres polar: 117, nonpolar: 568, out of current total: 764
Extents of grid to search are X1 X2 Y1 Y2 Z1 Z2: 40.82846 60.80631 33.23522 53.07256 -12.51394 6.85009
Number of spheres after removing spheres too close to each other (approximately <1.5 angstroms): 248
Number of spheres after second pass removing spheres absolutely <0.8 from each other: 205
Crystallographic spheres are present, so doing continuity based on crystallographic spheres
After continuity checking, number of spheres is: 146
Spheres center of coords (x y z): 54.7471048630137 44.44165 -4.96474972602739
Crystallographic ligand, so keeping spheres closest to ANY ligand atom, center of ligand (1/8), and center of spheres (1/8)
Average weighted-distance for final elimination is: 6.20087104696589
Final number of output spheres is: 45
Number of polar spheres: 7
Number of nonpolar spheres: 34
Number of spheres that are near neither polar nor nonpolar receptor atoms: 4
Final number of spheres that are from crystallographic ligand: 27
