There are 36 ligand heavy atoms
Ligand center of coords (x y z): -39.9803055555556 64.2014444444444 34.1880277777778
useligsph flag does not exist.
Starting number of spheres from all_spheres.sph cluster 0: 1554
FINISHED READING IN FILE all_spheres.sph CLUSTER 0 
Number of sphere points after cutting off spheres too far from center of ligand (12 angstroms): 1221
Number of spheres after removing too far (>7 angstroms) and too close to receptor (<1.2 angstroms): 1218
Number of spheres polar: 132, nonpolar: 704, out of current total: 1218
Extents of grid to search are X1 X2 Y1 Y2 Z1 Z2: -51.95915 -28.02710 52.20263 76.19469 22.20200 46.09148
Number of spheres after removing spheres too close to each other (approximately <1.5 angstroms): 437
Number of spheres after second pass removing spheres absolutely <0.8 from each other: 359
No crystallographic spheres present, so determining sphere nearest center of ligand (x y z): -39.9803055555556 64.2014444444444 34.1880277777778
Center point: 24 xyz: -40.53130 63.94900 34.04186
After continuity checking, number of spheres is: 288
Spheres center of coords (x y z): -40.6548239583333 66.5632352083334 35.0397718055556
Not crystallographic ligand, so keeping spheres closest to center of receptor, center of ligand, and center of spheres
Receptor center of coords (x y z): -48.465151076159 71.8842131622517 29.7300620860927
Average weighted-distance for final elimination is: 31.0594625186784
Final number of output spheres is: 120
Number of polar spheres: 8
Number of nonpolar spheres: 73
Number of spheres that are near neither polar nor nonpolar receptor atoms: 39
Final number of spheres that are from crystallographic ligand: 0
