There are 23 ligand heavy atoms
Ligand center of coords (x y z): 0.085304347826087 -14.828347826087 10.4320434782609
useligsph flag does not exist.
Starting number of spheres from all_spheres.sph cluster 0: 1176
FINISHED READING IN FILE all_spheres.sph CLUSTER 0 
Number of sphere points after cutting off spheres too far from center of ligand (12 angstroms): 849
Number of spheres after removing too far (>7 angstroms) and too close to receptor (<1.2 angstroms): 849
Number of spheres polar: 234, nonpolar: 489, out of current total: 849
Extents of grid to search are X1 X2 Y1 Y2 Z1 Z2: -11.91228 12.05202 -26.78221 -3.00745 -1.55149 22.19189
Number of spheres after removing spheres too close to each other (approximately <1.5 angstroms): 294
Number of spheres after second pass removing spheres absolutely <0.8 from each other: 221
No crystallographic spheres present, so determining sphere nearest center of ligand (x y z): 0.085304347826087 -14.828347826087 10.4320434782609
Center point: 127 xyz: -0.11495 -13.68347 10.39926
After continuity checking, number of spheres is: 155
Spheres center of coords (x y z): -1.57851258064516 -17.374376 14.4945449677419
Not crystallographic ligand, so keeping spheres closest to center of receptor, center of ligand, and center of spheres
Receptor center of coords (x y z): 3.54319836105086 -8.17663292359605 -18.6775119305857
Average weighted-distance for final elimination is: 49.6279054494516
Final number of output spheres is: 120
Number of polar spheres: 45
Number of nonpolar spheres: 60
Number of spheres that are near neither polar nor nonpolar receptor atoms: 15
Final number of spheres that are from crystallographic ligand: 0
