There are 23 ligand heavy atoms
Ligand center of coords (x y z): 0.085304347826087 -14.828347826087 10.4320434782609
Using crystallographic ligand as spheres for output
Starting number of spheres from sph/sph cluster 0: 1176
FINISHED READING IN FILE sph/sph CLUSTER 0 
Number of sphere points after cutting off spheres too far from center of ligand (10 angstroms): 634
Number of spheres after removing too far (>7 angstroms) and too close to receptor (<1.2 angstroms): 634
Number of spheres polar: 192, nonpolar: 361, out of current total: 634
Extents of grid to search are X1 X2 Y1 Y2 Z1 Z2: -9.89014 9.52396 -24.81282 -4.90960 0.56053 20.41839
Number of spheres after removing spheres too close to each other (approximately <1.5 angstroms): 185
Number of spheres after second pass removing spheres absolutely <0.8 from each other: 160
Crystallographic spheres are present, so doing continuity based on crystallographic spheres
After continuity checking, number of spheres is: 136
Spheres center of coords (x y z): -1.12940941176471 -17.7172378676471 13.732429117647
Crystallographic ligand, so keeping spheres closest to ANY ligand atom, center of ligand (1/8), and center of spheres (1/8)
Average weighted-distance for final elimination is: 5.08356722555671
Final number of output spheres is: 45
Number of polar spheres: 19
Number of nonpolar spheres: 19
Number of spheres that are near neither polar nor nonpolar receptor atoms: 7
Final number of spheres that are from crystallographic ligand: 23
