There are 17 ligand heavy atoms
Ligand center of coords (x y z): 45.7562941176471 14.7804705882353 2.52294117647059
useligsph flag does not exist.
Starting number of spheres from all_spheres.sph cluster 0: 616
FINISHED READING IN FILE all_spheres.sph CLUSTER 0 
Number of sphere points after cutting off spheres too far from center of ligand (12 angstroms): 463
Number of spheres after removing too far (>7 angstroms) and too close to receptor (<1.2 angstroms): 462
Number of spheres polar: 106, nonpolar: 229, out of current total: 462
Extents of grid to search are X1 X2 Y1 Y2 Z1 Z2: 33.89854 55.62140 2.92222 26.73681 -6.93926 11.15551
Number of spheres after removing spheres too close to each other (approximately <1.5 angstroms): 178
Number of spheres after second pass removing spheres absolutely <0.8 from each other: 149
No crystallographic spheres present, so determining sphere nearest center of ligand (x y z): 45.7562941176471 14.7804705882353 2.52294117647059
Center point: 113 xyz: 45.27767 14.72700 2.53124
After continuity checking, number of spheres is: 125
Spheres center of coords (x y z): 45.15396864 13.0776624 -1.35507104
Not crystallographic ligand, so keeping spheres closest to center of receptor, center of ligand, and center of spheres
Receptor center of coords (x y z): 44.1614984924622 16.8473155778895 15.1263132328308
Average weighted-distance for final elimination is: 31.5027585541695
Final number of output spheres is: 120
Number of polar spheres: 20
Number of nonpolar spheres: 48
Number of spheres that are near neither polar nor nonpolar receptor atoms: 52
Final number of spheres that are from crystallographic ligand: 0
