There are 17 ligand heavy atoms
Ligand center of coords (x y z): 45.7562941176471 14.7804705882353 2.52294117647059
Using crystallographic ligand as spheres for output
Starting number of spheres from sph/sph cluster 0: 616
FINISHED READING IN FILE sph/sph CLUSTER 0 
Number of sphere points after cutting off spheres too far from center of ligand (10 angstroms): 414
Number of spheres after removing too far (>7 angstroms) and too close to receptor (<1.2 angstroms): 414
Number of spheres polar: 87, nonpolar: 218, out of current total: 414
Extents of grid to search are X1 X2 Y1 Y2 Z1 Z2: 36.52452 55.62140 5.24776 23.74478 -6.93926 9.16816
Number of spheres after removing spheres too close to each other (approximately <1.5 angstroms): 161
Number of spheres after second pass removing spheres absolutely <0.8 from each other: 128
Crystallographic spheres are present, so doing continuity based on crystallographic spheres
After continuity checking, number of spheres is: 119
Spheres center of coords (x y z): 45.0254998319328 13.4203419327731 -1.17728033613445
Crystallographic ligand, so keeping spheres closest to ANY ligand atom, center of ligand (1/8), and center of spheres (1/8)
Average weighted-distance for final elimination is: 6.12822231679711
Final number of output spheres is: 45
Number of polar spheres: 7
Number of nonpolar spheres: 29
Number of spheres that are near neither polar nor nonpolar receptor atoms: 9
Final number of spheres that are from crystallographic ligand: 17
