There are 18 ligand heavy atoms
Ligand center of coords (x y z): 8.63638888888889 33.1419444444444 -1.90294444444444
useligsph flag does not exist.
Starting number of spheres from all_spheres.sph cluster 0: 1125
FINISHED READING IN FILE all_spheres.sph CLUSTER 0 
Number of sphere points after cutting off spheres too far from center of ligand (12 angstroms): 937
Number of spheres after removing too far (>7 angstroms) and too close to receptor (<1.2 angstroms): 937
Number of spheres polar: 227, nonpolar: 608, out of current total: 937
Extents of grid to search are X1 X2 Y1 Y2 Z1 Z2: -3.33675 20.62450 24.51587 45.11917 -13.88784 9.98373
Number of spheres after removing spheres too close to each other (approximately <1.5 angstroms): 287
Number of spheres after second pass removing spheres absolutely <0.8 from each other: 218
No crystallographic spheres present, so determining sphere nearest center of ligand (x y z): 8.63638888888889 33.1419444444444 -1.90294444444444
Center point: 50 xyz: 8.39359 33.48500 -2.44021
After continuity checking, number of spheres is: 158
Spheres center of coords (x y z): 7.89576202531646 35.4077167721519 -5.30128398734177
Not crystallographic ligand, so keeping spheres closest to center of receptor, center of ligand, and center of spheres
Receptor center of coords (x y z): 2.96509129369852 25.7966461812515 -0.141969049209531
Average weighted-distance for final elimination is: 27.2480012594714
Final number of output spheres is: 120
Number of polar spheres: 31
Number of nonpolar spheres: 74
Number of spheres that are near neither polar nor nonpolar receptor atoms: 15
Final number of spheres that are from crystallographic ligand: 0
