There are 18 ligand heavy atoms
Ligand center of coords (x y z): 8.63638888888889 33.1419444444444 -1.90294444444444
Using crystallographic ligand as spheres for output
Starting number of spheres from sph/sph cluster 0: 1125
FINISHED READING IN FILE sph/sph CLUSTER 0 
Number of sphere points after cutting off spheres too far from center of ligand (10 angstroms): 760
Number of spheres after removing too far (>7 angstroms) and too close to receptor (<1.2 angstroms): 760
Number of spheres polar: 162, nonpolar: 518, out of current total: 760
Extents of grid to search are X1 X2 Y1 Y2 Z1 Z2: -1.34767 18.61889 24.51587 43.11592 -11.87210 7.98711
Number of spheres after removing spheres too close to each other (approximately <1.5 angstroms): 214
Number of spheres after second pass removing spheres absolutely <0.8 from each other: 173
Crystallographic spheres are present, so doing continuity based on crystallographic spheres
After continuity checking, number of spheres is: 148
Spheres center of coords (x y z): 7.49417810810811 34.9233528378379 -4.97090195945946
Crystallographic ligand, so keeping spheres closest to ANY ligand atom, center of ligand (1/8), and center of spheres (1/8)
Average weighted-distance for final elimination is: 5.94675800491551
Final number of output spheres is: 45
Number of polar spheres: 8
Number of nonpolar spheres: 29
Number of spheres that are near neither polar nor nonpolar receptor atoms: 8
Final number of spheres that are from crystallographic ligand: 18
