There are 36 ligand heavy atoms
Ligand center of coords (x y z): -15.0524444444444 7.99486111111111 45.3485555555555
useligsph flag does not exist.
Starting number of spheres from all_spheres.sph cluster 0: 1292
FINISHED READING IN FILE all_spheres.sph CLUSTER 0 
Number of sphere points after cutting off spheres too far from center of ligand (12 angstroms): 1078
Number of spheres after removing too far (>7 angstroms) and too close to receptor (<1.2 angstroms): 1075
Number of spheres polar: 105, nonpolar: 506, out of current total: 1075
Extents of grid to search are X1 X2 Y1 Y2 Z1 Z2: -26.78104 -3.10010 -3.51778 19.96211 33.35060 57.19981
Number of spheres after removing spheres too close to each other (approximately <1.5 angstroms): 372
Number of spheres after second pass removing spheres absolutely <0.8 from each other: 330
No crystallographic spheres present, so determining sphere nearest center of ligand (x y z): -15.0524444444444 7.99486111111111 45.3485555555555
Center point: 117 xyz: -13.62232 7.03790 45.51233
After continuity checking, number of spheres is: 300
Spheres center of coords (x y z): -12.4952083 7.01718720000001 48.7820387333334
Not crystallographic ligand, so keeping spheres closest to center of receptor, center of ligand, and center of spheres
Receptor center of coords (x y z): -9.57939619766823 14.220661499735 20.8640592209859
Average weighted-distance for final elimination is: 45.6453498699235
Final number of output spheres is: 120
Number of polar spheres: 25
Number of nonpolar spheres: 49
Number of spheres that are near neither polar nor nonpolar receptor atoms: 46
Final number of spheres that are from crystallographic ligand: 0
