There are 36 ligand heavy atoms
Ligand center of coords (x y z): -15.0524444444444 7.99486111111111 45.3485555555555
Using crystallographic ligand as spheres for output
Starting number of spheres from sph/sph cluster 0: 1292
FINISHED READING IN FILE sph/sph CLUSTER 0 
Number of sphere points after cutting off spheres too far from center of ligand (10 angstroms): 951
Number of spheres after removing too far (>7 angstroms) and too close to receptor (<1.2 angstroms): 951
Number of spheres polar: 96, nonpolar: 465, out of current total: 951
Extents of grid to search are X1 X2 Y1 Y2 Z1 Z2: -24.98806 -5.05722 -1.97753 17.90431 36.80140 55.33969
Number of spheres after removing spheres too close to each other (approximately <1.5 angstroms): 332
Number of spheres after second pass removing spheres absolutely <0.8 from each other: 289
Crystallographic spheres are present, so doing continuity based on crystallographic spheres
After continuity checking, number of spheres is: 283
Spheres center of coords (x y z): -13.2448497173145 7.04420095406361 48.3472412367491
Crystallographic ligand, so keeping spheres closest to ANY ligand atom, center of ligand (1/8), and center of spheres (1/8)
Average weighted-distance for final elimination is: 5.99982840327103
Final number of output spheres is: 45
Number of polar spheres: 8
Number of nonpolar spheres: 28
Number of spheres that are near neither polar nor nonpolar receptor atoms: 9
Final number of spheres that are from crystallographic ligand: 36
