There are 33 ligand heavy atoms
Ligand center of coords (x y z): 16.2921212121212 34.8708181818182 92.035303030303
useligsph flag does not exist.
Starting number of spheres from all_spheres.sph cluster 0: 1388
FINISHED READING IN FILE all_spheres.sph CLUSTER 0 
Number of sphere points after cutting off spheres too far from center of ligand (12 angstroms): 969
Number of spheres after removing too far (>7 angstroms) and too close to receptor (<1.2 angstroms): 969
Number of spheres polar: 215, nonpolar: 522, out of current total: 969
Extents of grid to search are X1 X2 Y1 Y2 Z1 Z2: 4.30028 28.28975 22.88001 46.75242 80.04230 103.68604
Number of spheres after removing spheres too close to each other (approximately <1.5 angstroms): 350
Number of spheres after second pass removing spheres absolutely <0.8 from each other: 265
No crystallographic spheres present, so determining sphere nearest center of ligand (x y z): 16.2921212121212 34.8708181818182 92.035303030303
Center point: 205 xyz: 16.60236 34.69070 92.05350
After continuity checking, number of spheres is: 164
Spheres center of coords (x y z): 19.17686 33.0724857926829 88.3642564634146
Not crystallographic ligand, so keeping spheres closest to center of receptor, center of ligand, and center of spheres
Receptor center of coords (x y z): 19.606415561133 43.5380329867336 89.1738501254929
Average weighted-distance for final elimination is: 27.4403001888071
Final number of output spheres is: 120
Number of polar spheres: 23
Number of nonpolar spheres: 67
Number of spheres that are near neither polar nor nonpolar receptor atoms: 30
Final number of spheres that are from crystallographic ligand: 0
