There are 33 ligand heavy atoms
Ligand center of coords (x y z): 16.2921212121212 34.8708181818182 92.035303030303
Using crystallographic ligand as spheres for output
Starting number of spheres from sph/sph cluster 0: 1388
FINISHED READING IN FILE sph/sph CLUSTER 0 
Number of sphere points after cutting off spheres too far from center of ligand (10 angstroms): 626
Number of spheres after removing too far (>7 angstroms) and too close to receptor (<1.2 angstroms): 626
Number of spheres polar: 102, nonpolar: 379, out of current total: 626
Extents of grid to search are X1 X2 Y1 Y2 Z1 Z2: 6.32907 26.28399 24.88100 44.76531 82.21729 101.95359
Number of spheres after removing spheres too close to each other (approximately <1.5 angstroms): 207
Number of spheres after second pass removing spheres absolutely <0.8 from each other: 171
Crystallographic spheres are present, so doing continuity based on crystallographic spheres
After continuity checking, number of spheres is: 137
Spheres center of coords (x y z): 18.8840512408759 34.0779275182482 89.7648904379562
Crystallographic ligand, so keeping spheres closest to ANY ligand atom, center of ligand (1/8), and center of spheres (1/8)
Average weighted-distance for final elimination is: 4.02000313996783
Final number of output spheres is: 45
Number of polar spheres: 7
Number of nonpolar spheres: 34
Number of spheres that are near neither polar nor nonpolar receptor atoms: 4
Final number of spheres that are from crystallographic ligand: 33
