There are 19 ligand heavy atoms
Ligand center of coords (x y z): 5.99026315789474 3.014 17.3448947368421
Using crystallographic ligand as spheres for output
Starting number of spheres from sph/sph cluster 0: 1035
FINISHED READING IN FILE sph/sph CLUSTER 0 
Number of sphere points after cutting off spheres too far from center of ligand (10 angstroms): 642
Number of spheres after removing too far (>7 angstroms) and too close to receptor (<1.2 angstroms): 642
Number of spheres polar: 182, nonpolar: 333, out of current total: 642
Extents of grid to search are X1 X2 Y1 Y2 Z1 Z2: -3.98646 15.97438 -6.93153 11.69439 7.35487 27.05879
Number of spheres after removing spheres too close to each other (approximately <1.5 angstroms): 186
Number of spheres after second pass removing spheres absolutely <0.8 from each other: 158
Crystallographic spheres are present, so doing continuity based on crystallographic spheres
After continuity checking, number of spheres is: 140
Spheres center of coords (x y z): 10.5682291428571 1.15834728571429 19.8944954285714
Crystallographic ligand, so keeping spheres closest to ANY ligand atom, center of ligand (1/8), and center of spheres (1/8)
Average weighted-distance for final elimination is: 6.61156476010753
Final number of output spheres is: 45
Number of polar spheres: 19
Number of nonpolar spheres: 22
Number of spheres that are near neither polar nor nonpolar receptor atoms: 4
Final number of spheres that are from crystallographic ligand: 19
