There are 29 ligand heavy atoms
Ligand center of coords (x y z): 16.1955172413793 14.5872068965517 3.93813793103448
useligsph flag does not exist.
Starting number of spheres from all_spheres.sph cluster 0: 1010
FINISHED READING IN FILE all_spheres.sph CLUSTER 0 
Number of sphere points after cutting off spheres too far from center of ligand (12 angstroms): 818
Number of spheres after removing too far (>7 angstroms) and too close to receptor (<1.2 angstroms): 818
Number of spheres polar: 202, nonpolar: 479, out of current total: 818
Extents of grid to search are X1 X2 Y1 Y2 Z1 Z2: 4.19908 28.17394 2.59192 26.53222 -7.22511 15.87427
Number of spheres after removing spheres too close to each other (approximately <1.5 angstroms): 294
Number of spheres after second pass removing spheres absolutely <0.8 from each other: 239
No crystallographic spheres present, so determining sphere nearest center of ligand (x y z): 16.1955172413793 14.5872068965517 3.93813793103448
Center point: 211 xyz: 15.90553 14.41671 3.57575
After continuity checking, number of spheres is: 169
Spheres center of coords (x y z): 14.5632580473373 17.3359779289941 6.79814479289941
Not crystallographic ligand, so keeping spheres closest to center of receptor, center of ligand, and center of spheres
Receptor center of coords (x y z): 19.2283256792958 12.2625258323766 14.8530042097206
Average weighted-distance for final elimination is: 30.9215691306447
Final number of output spheres is: 120
Number of polar spheres: 39
Number of nonpolar spheres: 73
Number of spheres that are near neither polar nor nonpolar receptor atoms: 8
Final number of spheres that are from crystallographic ligand: 0
