There are 20 ligand heavy atoms
Ligand center of coords (x y z): 44.14045 28.9284 2.5836
Using crystallographic ligand as spheres for output
Starting number of spheres from sph/sph cluster 0: 1468
FINISHED READING IN FILE sph/sph CLUSTER 0 
Number of sphere points after cutting off spheres too far from center of ligand (10 angstroms): 873
Number of spheres after removing too far (>7 angstroms) and too close to receptor (<1.2 angstroms): 867
Number of spheres polar: 178, nonpolar: 461, out of current total: 867
Extents of grid to search are X1 X2 Y1 Y2 Z1 Z2: 34.20021 54.09382 18.95158 38.89921 -7.38738 12.57987
Number of spheres after removing spheres too close to each other (approximately <1.5 angstroms): 304
Number of spheres after second pass removing spheres absolutely <0.8 from each other: 254
Crystallographic spheres are present, so doing continuity based on crystallographic spheres
After continuity checking, number of spheres is: 239
Spheres center of coords (x y z): 44.2879643933054 28.5115023430962 0.518788535564854
Crystallographic ligand, so keeping spheres closest to ANY ligand atom, center of ligand (1/8), and center of spheres (1/8)
Average weighted-distance for final elimination is: 7.03345384546913
Final number of output spheres is: 45
Number of polar spheres: 10
Number of nonpolar spheres: 25
Number of spheres that are near neither polar nor nonpolar receptor atoms: 10
Final number of spheres that are from crystallographic ligand: 20
