There are 28 ligand heavy atoms
Ligand center of coords (x y z): 13.6993571428571 23.679 46.7412857142857
Using crystallographic ligand as spheres for output
Starting number of spheres from sph/sph cluster 0: 1292
FINISHED READING IN FILE sph/sph CLUSTER 0 
Number of sphere points after cutting off spheres too far from center of ligand (10 angstroms): 577
Number of spheres after removing too far (>7 angstroms) and too close to receptor (<1.2 angstroms): 577
Number of spheres polar: 93, nonpolar: 445, out of current total: 577
Extents of grid to search are X1 X2 Y1 Y2 Z1 Z2: 3.72631 23.68329 13.78498 33.66539 36.86679 56.66722
Number of spheres after removing spheres too close to each other (approximately <1.5 angstroms): 180
Number of spheres after second pass removing spheres absolutely <0.8 from each other: 150
Crystallographic spheres are present, so doing continuity based on crystallographic spheres
After continuity checking, number of spheres is: 106
Spheres center of coords (x y z): 13.1007144339623 25.3480348113208 45.0931088679245
Crystallographic ligand, so keeping spheres closest to ANY ligand atom, center of ligand (1/8), and center of spheres (1/8)
Average weighted-distance for final elimination is: 3.74127423301114
Final number of output spheres is: 45
Number of polar spheres: 2
Number of nonpolar spheres: 39
Number of spheres that are near neither polar nor nonpolar receptor atoms: 4
Final number of spheres that are from crystallographic ligand: 28
