There are 21 ligand heavy atoms
Ligand center of coords (x y z): -14.3980952380952 13.214 41.4222857142857
Using crystallographic ligand as spheres for output
Starting number of spheres from sph/sph cluster 0: 1144
FINISHED READING IN FILE sph/sph CLUSTER 0 
Number of sphere points after cutting off spheres too far from center of ligand (10 angstroms): 624
Number of spheres after removing too far (>7 angstroms) and too close to receptor (<1.2 angstroms): 624
Number of spheres polar: 182, nonpolar: 349, out of current total: 624
Extents of grid to search are X1 X2 Y1 Y2 Z1 Z2: -24.35809 -4.40768 3.28419 23.16145 31.42328 51.41767
Number of spheres after removing spheres too close to each other (approximately <1.5 angstroms): 223
Number of spheres after second pass removing spheres absolutely <0.8 from each other: 183
Crystallographic spheres are present, so doing continuity based on crystallographic spheres
After continuity checking, number of spheres is: 133
Spheres center of coords (x y z): -10.9818987218045 16.5444486466165 43.4339363157895
Crystallographic ligand, so keeping spheres closest to ANY ligand atom, center of ligand (1/8), and center of spheres (1/8)
Average weighted-distance for final elimination is: 6.27451332273707
Final number of output spheres is: 45
Number of polar spheres: 18
Number of nonpolar spheres: 25
Number of spheres that are near neither polar nor nonpolar receptor atoms: 2
Final number of spheres that are from crystallographic ligand: 21
