There are 24 ligand heavy atoms
Ligand center of coords (x y z): 15.2435833333333 5.83754166666667 -0.199333333333333
Using crystallographic ligand as spheres for output
Starting number of spheres from sph/sph cluster 0: 1493
FINISHED READING IN FILE sph/sph CLUSTER 0 
Number of sphere points after cutting off spheres too far from center of ligand (10 angstroms): 681
Number of spheres after removing too far (>7 angstroms) and too close to receptor (<1.2 angstroms): 680
Number of spheres polar: 160, nonpolar: 354, out of current total: 680
Extents of grid to search are X1 X2 Y1 Y2 Z1 Z2: 5.25631 25.12502 -4.14922 15.63014 -10.13682 9.67149
Number of spheres after removing spheres too close to each other (approximately <1.5 angstroms): 218
Number of spheres after second pass removing spheres absolutely <0.8 from each other: 184
Crystallographic spheres are present, so doing continuity based on crystallographic spheres
After continuity checking, number of spheres is: 159
Spheres center of coords (x y z): 11.8671371698113 2.42599050314465 -0.478770566037736
Crystallographic ligand, so keeping spheres closest to ANY ligand atom, center of ligand (1/8), and center of spheres (1/8)
Average weighted-distance for final elimination is: 5.60993717922231
Final number of output spheres is: 45
Number of polar spheres: 11
Number of nonpolar spheres: 28
Number of spheres that are near neither polar nor nonpolar receptor atoms: 6
Final number of spheres that are from crystallographic ligand: 24
