There are 21 ligand heavy atoms
Ligand center of coords (x y z): 4.39738095238095 68.6325714285714 65.5042380952381
useligsph flag does not exist.
Starting number of spheres from all_spheres.sph cluster 0: 1128
FINISHED READING IN FILE all_spheres.sph CLUSTER 0 
Number of sphere points after cutting off spheres too far from center of ligand (12 angstroms): 869
Number of spheres after removing too far (>7 angstroms) and too close to receptor (<1.2 angstroms): 869
Number of spheres polar: 187, nonpolar: 420, out of current total: 869
Extents of grid to search are X1 X2 Y1 Y2 Z1 Z2: -7.57773 14.69631 56.95900 80.60500 55.53671 77.49891
Number of spheres after removing spheres too close to each other (approximately <1.5 angstroms): 272
Number of spheres after second pass removing spheres absolutely <0.8 from each other: 202
No crystallographic spheres present, so determining sphere nearest center of ligand (x y z): 4.39738095238095 68.6325714285714 65.5042380952381
Center point: 74 xyz: 4.16522 69.43242 65.65815
After continuity checking, number of spheres is: 142
Spheres center of coords (x y z): 1.8300588028169 65.549604859155 69.0835698591549
Not crystallographic ligand, so keeping spheres closest to center of receptor, center of ligand, and center of spheres
Receptor center of coords (x y z): 28.9791709263561 51.2895767249218 68.8325614708558
Average weighted-distance for final elimination is: 44.5783161693367
Final number of output spheres is: 120
Number of polar spheres: 26
Number of nonpolar spheres: 61
Number of spheres that are near neither polar nor nonpolar receptor atoms: 33
Final number of spheres that are from crystallographic ligand: 0
