There are 21 ligand heavy atoms
Ligand center of coords (x y z): 4.39738095238095 68.6325714285714 65.5042380952381
Using crystallographic ligand as spheres for output
Starting number of spheres from sph/sph cluster 0: 1128
FINISHED READING IN FILE sph/sph CLUSTER 0 
Number of sphere points after cutting off spheres too far from center of ligand (10 angstroms): 653
Number of spheres after removing too far (>7 angstroms) and too close to receptor (<1.2 angstroms): 653
Number of spheres polar: 123, nonpolar: 371, out of current total: 653
Extents of grid to search are X1 X2 Y1 Y2 Z1 Z2: -5.57103 14.38416 58.88058 78.62838 55.53671 75.49784
Number of spheres after removing spheres too close to each other (approximately <1.5 angstroms): 168
Number of spheres after second pass removing spheres absolutely <0.8 from each other: 137
Crystallographic spheres are present, so doing continuity based on crystallographic spheres
After continuity checking, number of spheres is: 122
Spheres center of coords (x y z): 2.04430598360656 66.1101198360656 67.9802575409836
Crystallographic ligand, so keeping spheres closest to ANY ligand atom, center of ligand (1/8), and center of spheres (1/8)
Average weighted-distance for final elimination is: 5.70691794330874
Final number of output spheres is: 45
Number of polar spheres: 10
Number of nonpolar spheres: 32
Number of spheres that are near neither polar nor nonpolar receptor atoms: 3
Final number of spheres that are from crystallographic ligand: 21
