There are 19 ligand heavy atoms
Ligand center of coords (x y z): 14.7145789473684 11.2302105263158 57.6372105263158
Using crystallographic ligand as spheres for output
Starting number of spheres from sph/sph cluster 0: 1100
FINISHED READING IN FILE sph/sph CLUSTER 0 
Number of sphere points after cutting off spheres too far from center of ligand (10 angstroms): 583
Number of spheres after removing too far (>7 angstroms) and too close to receptor (<1.2 angstroms): 583
Number of spheres polar: 149, nonpolar: 266, out of current total: 583
Extents of grid to search are X1 X2 Y1 Y2 Z1 Z2: 4.74399 24.58342 1.28027 21.22069 47.63755 67.58378
Number of spheres after removing spheres too close to each other (approximately <1.5 angstroms): 180
Number of spheres after second pass removing spheres absolutely <0.8 from each other: 141
Crystallographic spheres are present, so doing continuity based on crystallographic spheres
After continuity checking, number of spheres is: 66
Spheres center of coords (x y z): 14.6687860606061 13.6657616666667 60.591696969697
Crystallographic ligand, so keeping spheres closest to ANY ligand atom, center of ligand (1/8), and center of spheres (1/8)
Average weighted-distance for final elimination is: 3.61515452621377
Final number of output spheres is: 45
Number of polar spheres: 3
Number of nonpolar spheres: 30
Number of spheres that are near neither polar nor nonpolar receptor atoms: 12
Final number of spheres that are from crystallographic ligand: 19
