There are 39 ligand heavy atoms
Ligand center of coords (x y z): 45.2509743589744 45.763358974359 45.1917179487179
useligsph flag does not exist.
Starting number of spheres from all_spheres.sph cluster 0: 1532
FINISHED READING IN FILE all_spheres.sph CLUSTER 0 
Number of sphere points after cutting off spheres too far from center of ligand (12 angstroms): 1068
Number of spheres after removing too far (>7 angstroms) and too close to receptor (<1.2 angstroms): 1067
Number of spheres polar: 333, nonpolar: 492, out of current total: 1067
Extents of grid to search are X1 X2 Y1 Y2 Z1 Z2: 35.12340 56.71107 33.82200 57.74784 33.20099 57.18122
Number of spheres after removing spheres too close to each other (approximately <1.5 angstroms): 368
Number of spheres after second pass removing spheres absolutely <0.8 from each other: 291
No crystallographic spheres present, so determining sphere nearest center of ligand (x y z): 45.2509743589744 45.763358974359 45.1917179487179
Center point: 83 xyz: 45.49368 46.97868 44.64367
After continuity checking, number of spheres is: 278
Spheres center of coords (x y z): 45.5616780215828 46.1646274820144 46.6261056834533
Not crystallographic ligand, so keeping spheres closest to center of receptor, center of ligand, and center of spheres
Receptor center of coords (x y z): 46.7990888197684 44.67267496112 42.088164679454
Average weighted-distance for final elimination is: 29.8521700196408
Final number of output spheres is: 120
Number of polar spheres: 43
Number of nonpolar spheres: 47
Number of spheres that are near neither polar nor nonpolar receptor atoms: 30
Final number of spheres that are from crystallographic ligand: 0
