There are 39 ligand heavy atoms
Ligand center of coords (x y z): 45.2509743589744 45.763358974359 45.1917179487179
Using crystallographic ligand as spheres for output
Starting number of spheres from sph/sph cluster 0: 1532
FINISHED READING IN FILE sph/sph CLUSTER 0 
Number of sphere points after cutting off spheres too far from center of ligand (10 angstroms): 718
Number of spheres after removing too far (>7 angstroms) and too close to receptor (<1.2 angstroms): 718
Number of spheres polar: 172, nonpolar: 367, out of current total: 718
Extents of grid to search are X1 X2 Y1 Y2 Z1 Z2: 36.44403 55.22883 35.77126 55.76062 35.20093 55.17486
Number of spheres after removing spheres too close to each other (approximately <1.5 angstroms): 282
Number of spheres after second pass removing spheres absolutely <0.8 from each other: 238
Crystallographic spheres are present, so doing continuity based on crystallographic spheres
After continuity checking, number of spheres is: 232
Spheres center of coords (x y z): 45.5641346551724 46.3134870258621 46.058737887931
Crystallographic ligand, so keeping spheres closest to ANY ligand atom, center of ligand (1/8), and center of spheres (1/8)
Average weighted-distance for final elimination is: 4.89429287159182
Final number of output spheres is: 45
Number of polar spheres: 9
Number of nonpolar spheres: 34
Number of spheres that are near neither polar nor nonpolar receptor atoms: 2
Final number of spheres that are from crystallographic ligand: 39
