There are 28 ligand heavy atoms
Ligand center of coords (x y z): 83.3506428571428 6.82096428571429 -7.45221428571428
Using crystallographic ligand as spheres for output
Starting number of spheres from sph/sph cluster 0: 963
FINISHED READING IN FILE sph/sph CLUSTER 0 
Number of sphere points after cutting off spheres too far from center of ligand (10 angstroms): 614
Number of spheres after removing too far (>7 angstroms) and too close to receptor (<1.2 angstroms): 613
Number of spheres polar: 124, nonpolar: 344, out of current total: 613
Extents of grid to search are X1 X2 Y1 Y2 Z1 Z2: 73.36457 93.33572 -3.17654 16.80025 -17.24109 1.53560
Number of spheres after removing spheres too close to each other (approximately <1.5 angstroms): 223
Number of spheres after second pass removing spheres absolutely <0.8 from each other: 184
Crystallographic spheres are present, so doing continuity based on crystallographic spheres
After continuity checking, number of spheres is: 166
Spheres center of coords (x y z): 86.4866581325302 7.55964674698796 -7.39304608433735
Crystallographic ligand, so keeping spheres closest to ANY ligand atom, center of ligand (1/8), and center of spheres (1/8)
Average weighted-distance for final elimination is: 5.24262067481246
Final number of output spheres is: 45
Number of polar spheres: 11
Number of nonpolar spheres: 26
Number of spheres that are near neither polar nor nonpolar receptor atoms: 8
Final number of spheres that are from crystallographic ligand: 28
