There are 14 ligand heavy atoms
Ligand center of coords (x y z): 36.1452142857143 31.9486428571429 0.963642857142857
Using crystallographic ligand as spheres for output
Starting number of spheres from sph/sph cluster 0: 582
FINISHED READING IN FILE sph/sph CLUSTER 0 
Number of sphere points after cutting off spheres too far from center of ligand (10 angstroms): 356
Number of spheres after removing too far (>7 angstroms) and too close to receptor (<1.2 angstroms): 356
Number of spheres polar: 148, nonpolar: 132, out of current total: 356
Extents of grid to search are X1 X2 Y1 Y2 Z1 Z2: 26.23203 45.13046 21.96600 41.62173 -8.96470 10.91900
Number of spheres after removing spheres too close to each other (approximately <1.5 angstroms): 128
Number of spheres after second pass removing spheres absolutely <0.8 from each other: 108
Crystallographic spheres are present, so doing continuity based on crystallographic spheres
After continuity checking, number of spheres is: 91
Spheres center of coords (x y z): 35.8546467032967 32.6241131868132 -4.04568923076923
Crystallographic ligand, so keeping spheres closest to ANY ligand atom, center of ligand (1/8), and center of spheres (1/8)
Average weighted-distance for final elimination is: 6.23897450115972
Final number of output spheres is: 45
Number of polar spheres: 18
Number of nonpolar spheres: 17
Number of spheres that are near neither polar nor nonpolar receptor atoms: 10
Final number of spheres that are from crystallographic ligand: 14
