There are 33 ligand heavy atoms
Ligand center of coords (x y z): 17.8080303030303 16.1182121212121 109.266787878788
Using crystallographic ligand as spheres for output
Starting number of spheres from sph/sph cluster 0: 1309
FINISHED READING IN FILE sph/sph CLUSTER 0 
Number of sphere points after cutting off spheres too far from center of ligand (10 angstroms): 756
Number of spheres after removing too far (>7 angstroms) and too close to receptor (<1.2 angstroms): 748
Number of spheres polar: 188, nonpolar: 368, out of current total: 748
Extents of grid to search are X1 X2 Y1 Y2 Z1 Z2: 7.95743 27.76929 6.24827 26.07390 99.30000 119.24187
Number of spheres after removing spheres too close to each other (approximately <1.5 angstroms): 255
Number of spheres after second pass removing spheres absolutely <0.8 from each other: 206
Crystallographic spheres are present, so doing continuity based on crystallographic spheres
After continuity checking, number of spheres is: 162
Spheres center of coords (x y z): 15.4342338888889 16.811792654321 109.667442160494
Crystallographic ligand, so keeping spheres closest to ANY ligand atom, center of ligand (1/8), and center of spheres (1/8)
Average weighted-distance for final elimination is: 5.36516024454785
Final number of output spheres is: 45
Number of polar spheres: 8
Number of nonpolar spheres: 25
Number of spheres that are near neither polar nor nonpolar receptor atoms: 12
Final number of spheres that are from crystallographic ligand: 33
