There are 21 ligand heavy atoms
Ligand center of coords (x y z): 39.0835714285714 5.01961904761905 6.71971428571429
useligsph flag does not exist.
Starting number of spheres from all_spheres.sph cluster 0: 1012
FINISHED READING IN FILE all_spheres.sph CLUSTER 0 
Number of sphere points after cutting off spheres too far from center of ligand (12 angstroms): 837
Number of spheres after removing too far (>7 angstroms) and too close to receptor (<1.2 angstroms): 837
Number of spheres polar: 142, nonpolar: 346, out of current total: 837
Extents of grid to search are X1 X2 Y1 Y2 Z1 Z2: 27.10728 51.07238 -6.90504 16.99330 -5.26971 18.27011
Number of spheres after removing spheres too close to each other (approximately <1.5 angstroms): 354
Number of spheres after second pass removing spheres absolutely <0.8 from each other: 277
No crystallographic spheres present, so determining sphere nearest center of ligand (x y z): 39.0835714285714 5.01961904761905 6.71971428571429
Center point: 72 xyz: 38.87790 5.79316 6.72090
After continuity checking, number of spheres is: 251
Spheres center of coords (x y z): 36.0794237450199 3.29507290836653 6.1399319123506
Not crystallographic ligand, so keeping spheres closest to center of receptor, center of ligand, and center of spheres
Receptor center of coords (x y z): 54.4290399235507 0.0112703334041166 7.82947207475046
Average weighted-distance for final elimination is: 36.3899319771657
Final number of output spheres is: 120
Number of polar spheres: 30
Number of nonpolar spheres: 47
Number of spheres that are near neither polar nor nonpolar receptor atoms: 43
Final number of spheres that are from crystallographic ligand: 0
