There are 21 ligand heavy atoms
Ligand center of coords (x y z): 39.0835714285714 5.01961904761905 6.71971428571429
Using crystallographic ligand as spheres for output
Starting number of spheres from sph/sph cluster 0: 1012
FINISHED READING IN FILE sph/sph CLUSTER 0 
Number of sphere points after cutting off spheres too far from center of ligand (10 angstroms): 692
Number of spheres after removing too far (>7 angstroms) and too close to receptor (<1.2 angstroms): 692
Number of spheres polar: 125, nonpolar: 297, out of current total: 692
Extents of grid to search are X1 X2 Y1 Y2 Z1 Z2: 29.12800 49.00953 -4.96538 14.48974 -2.39542 16.69035
Number of spheres after removing spheres too close to each other (approximately <1.5 angstroms): 271
Number of spheres after second pass removing spheres absolutely <0.8 from each other: 232
Crystallographic spheres are present, so doing continuity based on crystallographic spheres
After continuity checking, number of spheres is: 229
Spheres center of coords (x y z): 36.3777094323144 4.33960358078603 6.61323978165939
Crystallographic ligand, so keeping spheres closest to ANY ligand atom, center of ligand (1/8), and center of spheres (1/8)
Average weighted-distance for final elimination is: 6.45322033075807
Final number of output spheres is: 45
Number of polar spheres: 13
Number of nonpolar spheres: 14
Number of spheres that are near neither polar nor nonpolar receptor atoms: 18
Final number of spheres that are from crystallographic ligand: 21
