There are 17 ligand heavy atoms
Ligand center of coords (x y z): -9.75835294117647 4.90758823529412 35.8812941176471
Using crystallographic ligand as spheres for output
Starting number of spheres from sph/sph cluster 0: 1095
FINISHED READING IN FILE sph/sph CLUSTER 0 
Number of sphere points after cutting off spheres too far from center of ligand (10 angstroms): 644
Number of spheres after removing too far (>7 angstroms) and too close to receptor (<1.2 angstroms): 644
Number of spheres polar: 105, nonpolar: 254, out of current total: 644
Extents of grid to search are X1 X2 Y1 Y2 Z1 Z2: -19.74636 0.07311 -4.73231 14.89279 25.88822 45.82106
Number of spheres after removing spheres too close to each other (approximately <1.5 angstroms): 236
Number of spheres after second pass removing spheres absolutely <0.8 from each other: 199
Crystallographic spheres are present, so doing continuity based on crystallographic spheres
After continuity checking, number of spheres is: 126
Spheres center of coords (x y z): -13.2918117460318 4.28236571428571 31.2920111904762
Crystallographic ligand, so keeping spheres closest to ANY ligand atom, center of ligand (1/8), and center of spheres (1/8)
Average weighted-distance for final elimination is: 6.35440174064886
Final number of output spheres is: 45
Number of polar spheres: 7
Number of nonpolar spheres: 24
Number of spheres that are near neither polar nor nonpolar receptor atoms: 14
Final number of spheres that are from crystallographic ligand: 17
