There are 18 ligand heavy atoms
Ligand center of coords (x y z): 6.25955555555556 3.28444444444444 18.2298888888889
Using crystallographic ligand as spheres for output
Starting number of spheres from sph/sph cluster 0: 1338
FINISHED READING IN FILE sph/sph CLUSTER 0 
Number of sphere points after cutting off spheres too far from center of ligand (10 angstroms): 719
Number of spheres after removing too far (>7 angstroms) and too close to receptor (<1.2 angstroms): 719
Number of spheres polar: 210, nonpolar: 445, out of current total: 719
Extents of grid to search are X1 X2 Y1 Y2 Z1 Z2: -2.83492 16.25699 -6.57459 13.28426 8.24210 28.17721
Number of spheres after removing spheres too close to each other (approximately <1.5 angstroms): 242
Number of spheres after second pass removing spheres absolutely <0.8 from each other: 179
Crystallographic spheres are present, so doing continuity based on crystallographic spheres
After continuity checking, number of spheres is: 148
Spheres center of coords (x y z): 10.2616976351351 6.45474912162162 17.6710583108108
Crystallographic ligand, so keeping spheres closest to ANY ligand atom, center of ligand (1/8), and center of spheres (1/8)
Average weighted-distance for final elimination is: 7.99073461301285
Final number of output spheres is: 45
Number of polar spheres: 13
Number of nonpolar spheres: 28
Number of spheres that are near neither polar nor nonpolar receptor atoms: 4
Final number of spheres that are from crystallographic ligand: 18
