There are 20 ligand heavy atoms
Ligand center of coords (x y z): 2.2488 4.68495 51.3982
useligsph flag does not exist.
Starting number of spheres from all_spheres.sph cluster 0: 1370
FINISHED READING IN FILE all_spheres.sph CLUSTER 0 
Number of sphere points after cutting off spheres too far from center of ligand (12 angstroms): 1083
Number of spheres after removing too far (>7 angstroms) and too close to receptor (<1.2 angstroms): 1082
Number of spheres polar: 313, nonpolar: 655, out of current total: 1082
Extents of grid to search are X1 X2 Y1 Y2 Z1 Z2: -9.23339 14.20476 -7.21537 16.31189 39.45274 63.39748
Number of spheres after removing spheres too close to each other (approximately <1.5 angstroms): 381
Number of spheres after second pass removing spheres absolutely <0.8 from each other: 280
No crystallographic spheres present, so determining sphere nearest center of ligand (x y z): 2.2488 4.68495 51.3982
Center point: 223 xyz: 2.20771 4.77416 50.94700
After continuity checking, number of spheres is: 206
Spheres center of coords (x y z): 4.09503208737864 7.6157822815534 56.8865858737864
Not crystallographic ligand, so keeping spheres closest to center of receptor, center of ligand, and center of spheres
Receptor center of coords (x y z): 8.9466331938633 3.74241073919107 25.3929723384473
Average weighted-distance for final elimination is: 49.9157276700033
Final number of output spheres is: 120
Number of polar spheres: 54
Number of nonpolar spheres: 54
Number of spheres that are near neither polar nor nonpolar receptor atoms: 12
Final number of spheres that are from crystallographic ligand: 0
