There are 20 ligand heavy atoms
Ligand center of coords (x y z): 2.2488 4.68495 51.3982
Using crystallographic ligand as spheres for output
Starting number of spheres from sph/sph cluster 0: 1370
FINISHED READING IN FILE sph/sph CLUSTER 0 
Number of sphere points after cutting off spheres too far from center of ligand (10 angstroms): 783
Number of spheres after removing too far (>7 angstroms) and too close to receptor (<1.2 angstroms): 783
Number of spheres polar: 227, nonpolar: 478, out of current total: 783
Extents of grid to search are X1 X2 Y1 Y2 Z1 Z2: -7.74941 11.48504 -5.30020 14.67482 41.40649 61.39609
Number of spheres after removing spheres too close to each other (approximately <1.5 angstroms): 224
Number of spheres after second pass removing spheres absolutely <0.8 from each other: 184
Crystallographic spheres are present, so doing continuity based on crystallographic spheres
After continuity checking, number of spheres is: 143
Spheres center of coords (x y z): 3.17213951048951 6.70915986013986 55.5266091608392
Crystallographic ligand, so keeping spheres closest to ANY ligand atom, center of ligand (1/8), and center of spheres (1/8)
Average weighted-distance for final elimination is: 5.41088756251622
Final number of output spheres is: 45
Number of polar spheres: 25
Number of nonpolar spheres: 20
Number of spheres that are near neither polar nor nonpolar receptor atoms: 0
Final number of spheres that are from crystallographic ligand: 20
