There are 33 ligand heavy atoms
Ligand center of coords (x y z): 38.561303030303 55.7894848484849 34.624303030303
useligsph flag does not exist.
Starting number of spheres from all_spheres.sph cluster 0: 1178
FINISHED READING IN FILE all_spheres.sph CLUSTER 0 
Number of sphere points after cutting off spheres too far from center of ligand (12 angstroms): 838
Number of spheres after removing too far (>7 angstroms) and too close to receptor (<1.2 angstroms): 834
Number of spheres polar: 226, nonpolar: 416, out of current total: 834
Extents of grid to search are X1 X2 Y1 Y2 Z1 Z2: 26.57023 49.14199 43.80973 67.78871 22.64597 46.61821
Number of spheres after removing spheres too close to each other (approximately <1.5 angstroms): 322
Number of spheres after second pass removing spheres absolutely <0.8 from each other: 254
No crystallographic spheres present, so determining sphere nearest center of ligand (x y z): 38.561303030303 55.7894848484849 34.624303030303
Center point: 235 xyz: 38.47413 55.81972 34.24900
After continuity checking, number of spheres is: 192
Spheres center of coords (x y z): 41.24232453125 55.1375083854166 34.16039453125
Not crystallographic ligand, so keeping spheres closest to center of receptor, center of ligand, and center of spheres
Receptor center of coords (x y z): 35.5235682459993 48.3651465327894 32.5193765296517
Average weighted-distance for final elimination is: 26.7997653935252
Final number of output spheres is: 120
Number of polar spheres: 41
Number of nonpolar spheres: 46
Number of spheres that are near neither polar nor nonpolar receptor atoms: 33
Final number of spheres that are from crystallographic ligand: 0
