There are 33 ligand heavy atoms
Ligand center of coords (x y z): 38.561303030303 55.7894848484849 34.624303030303
Using crystallographic ligand as spheres for output
Starting number of spheres from sph/sph cluster 0: 1178
FINISHED READING IN FILE sph/sph CLUSTER 0 
Number of sphere points after cutting off spheres too far from center of ligand (10 angstroms): 596
Number of spheres after removing too far (>7 angstroms) and too close to receptor (<1.2 angstroms): 596
Number of spheres polar: 140, nonpolar: 285, out of current total: 596
Extents of grid to search are X1 X2 Y1 Y2 Z1 Z2: 28.61798 48.41601 49.23159 65.76453 24.63309 44.61577
Number of spheres after removing spheres too close to each other (approximately <1.5 angstroms): 221
Number of spheres after second pass removing spheres absolutely <0.8 from each other: 187
Crystallographic spheres are present, so doing continuity based on crystallographic spheres
After continuity checking, number of spheres is: 171
Spheres center of coords (x y z): 40.6840850292397 55.0988774853801 34.0489146783626
Crystallographic ligand, so keeping spheres closest to ANY ligand atom, center of ligand (1/8), and center of spheres (1/8)
Average weighted-distance for final elimination is: 4.72506969310697
Final number of output spheres is: 45
Number of polar spheres: 13
Number of nonpolar spheres: 26
Number of spheres that are near neither polar nor nonpolar receptor atoms: 6
Final number of spheres that are from crystallographic ligand: 33
