There are 33 ligand heavy atoms
Ligand center of coords (x y z): 15.3807272727273 2.56254545454545 38.0457575757576
useligsph flag does not exist.
Starting number of spheres from all_spheres.sph cluster 0: 1918
FINISHED READING IN FILE all_spheres.sph CLUSTER 0 
Number of sphere points after cutting off spheres too far from center of ligand (12 angstroms): 1254
Number of spheres after removing too far (>7 angstroms) and too close to receptor (<1.2 angstroms): 1253
Number of spheres polar: 116, nonpolar: 859, out of current total: 1253
Extents of grid to search are X1 X2 Y1 Y2 Z1 Z2: 3.38389 27.36802 -9.34492 14.55994 26.09860 49.98623
Number of spheres after removing spheres too close to each other (approximately <1.5 angstroms): 387
Number of spheres after second pass removing spheres absolutely <0.8 from each other: 302
No crystallographic spheres present, so determining sphere nearest center of ligand (x y z): 15.3807272727273 2.56254545454545 38.0457575757576
Center point: 81 xyz: 14.20306 1.80800 37.47824
After continuity checking, number of spheres is: 221
Spheres center of coords (x y z): 10.7795018552036 1.27920959276018 38.5194521719457
Not crystallographic ligand, so keeping spheres closest to center of receptor, center of ligand, and center of spheres
Receptor center of coords (x y z): 13.9945930778255 -18.3523822839264 23.7697238951897
Average weighted-distance for final elimination is: 40.4403473270364
Final number of output spheres is: 120
Number of polar spheres: 24
Number of nonpolar spheres: 79
Number of spheres that are near neither polar nor nonpolar receptor atoms: 17
Final number of spheres that are from crystallographic ligand: 0
