There are 33 ligand heavy atoms
Ligand center of coords (x y z): 15.3807272727273 2.56254545454545 38.0457575757576
Using crystallographic ligand as spheres for output
Starting number of spheres from sph/sph cluster 0: 1918
FINISHED READING IN FILE sph/sph CLUSTER 0 
Number of sphere points after cutting off spheres too far from center of ligand (10 angstroms): 1016
Number of spheres after removing too far (>7 angstroms) and too close to receptor (<1.2 angstroms): 1016
Number of spheres polar: 86, nonpolar: 762, out of current total: 1016
Extents of grid to search are X1 X2 Y1 Y2 Z1 Z2: 5.39159 25.25977 -7.25800 11.39020 28.66052 48.02025
Number of spheres after removing spheres too close to each other (approximately <1.5 angstroms): 275
Number of spheres after second pass removing spheres absolutely <0.8 from each other: 227
Crystallographic spheres are present, so doing continuity based on crystallographic spheres
After continuity checking, number of spheres is: 204
Spheres center of coords (x y z): 11.6836210784314 1.49155607843137 38.3410739705883
Crystallographic ligand, so keeping spheres closest to ANY ligand atom, center of ligand (1/8), and center of spheres (1/8)
Average weighted-distance for final elimination is: 5.26690373848467
Final number of output spheres is: 45
Number of polar spheres: 8
Number of nonpolar spheres: 34
Number of spheres that are near neither polar nor nonpolar receptor atoms: 3
Final number of spheres that are from crystallographic ligand: 33
