There are 41 ligand heavy atoms
Ligand center of coords (x y z): 20.1363658536585 -2.72207317073171 18.2965365853659
Using crystallographic ligand as spheres for output
Starting number of spheres from sph/sph cluster 0: 1234
FINISHED READING IN FILE sph/sph CLUSTER 0 
Number of sphere points after cutting off spheres too far from center of ligand (10 angstroms): 880
Number of spheres after removing too far (>7 angstroms) and too close to receptor (<1.2 angstroms): 880
Number of spheres polar: 105, nonpolar: 463, out of current total: 880
Extents of grid to search are X1 X2 Y1 Y2 Z1 Z2: 10.16331 30.13121 -12.72128 7.22703 9.28795 28.17203
Number of spheres after removing spheres too close to each other (approximately <1.5 angstroms): 322
Number of spheres after second pass removing spheres absolutely <0.8 from each other: 275
Crystallographic spheres are present, so doing continuity based on crystallographic spheres
After continuity checking, number of spheres is: 265
Spheres center of coords (x y z): 19.7923406037736 -3.00526471698113 20.2338856226415
Crystallographic ligand, so keeping spheres closest to ANY ligand atom, center of ligand (1/8), and center of spheres (1/8)
Average weighted-distance for final elimination is: 5.47879308494373
Final number of output spheres is: 45
Number of polar spheres: 4
Number of nonpolar spheres: 30
Number of spheres that are near neither polar nor nonpolar receptor atoms: 11
Final number of spheres that are from crystallographic ligand: 41
