There are 33 ligand heavy atoms
Ligand center of coords (x y z): 13.7566363636364 39.4499090909091 28.012303030303
useligsph flag does not exist.
Starting number of spheres from all_spheres.sph cluster 0: 1895
FINISHED READING IN FILE all_spheres.sph CLUSTER 0 
Number of sphere points after cutting off spheres too far from center of ligand (12 angstroms): 1170
Number of spheres after removing too far (>7 angstroms) and too close to receptor (<1.2 angstroms): 1170
Number of spheres polar: 255, nonpolar: 803, out of current total: 1170
Extents of grid to search are X1 X2 Y1 Y2 Z1 Z2: 1.84538 25.73260 27.47300 51.42607 16.04628 39.97386
Number of spheres after removing spheres too close to each other (approximately <1.5 angstroms): 404
Number of spheres after second pass removing spheres absolutely <0.8 from each other: 299
No crystallographic spheres present, so determining sphere nearest center of ligand (x y z): 13.7566363636364 39.4499090909091 28.012303030303
Center point: 211 xyz: 13.38059 37.45367 28.14523
After continuity checking, number of spheres is: 270
Spheres center of coords (x y z): 18.6345433703704 40.189621074074 26.6914086666667
Not crystallographic ligand, so keeping spheres closest to center of receptor, center of ligand, and center of spheres
Receptor center of coords (x y z): 11.6871798130841 31.5710564485981 21.4093652336449
Average weighted-distance for final elimination is: 31.6537682887347
Final number of output spheres is: 120
Number of polar spheres: 44
Number of nonpolar spheres: 67
Number of spheres that are near neither polar nor nonpolar receptor atoms: 9
Final number of spheres that are from crystallographic ligand: 0
