There are 33 ligand heavy atoms
Ligand center of coords (x y z): 1.43963636363636 67.0150606060606 83.5295151515152
useligsph flag does not exist.
Starting number of spheres from all_spheres.sph cluster 0: 1633
FINISHED READING IN FILE all_spheres.sph CLUSTER 0 
Number of sphere points after cutting off spheres too far from center of ligand (12 angstroms): 1206
Number of spheres after removing too far (>7 angstroms) and too close to receptor (<1.2 angstroms): 1206
Number of spheres polar: 283, nonpolar: 721, out of current total: 1206
Extents of grid to search are X1 X2 Y1 Y2 Z1 Z2: -10.52300 13.41130 55.01700 78.83743 71.58348 95.51096
Number of spheres after removing spheres too close to each other (approximately <1.5 angstroms): 398
Number of spheres after second pass removing spheres absolutely <0.8 from each other: 323
No crystallographic spheres present, so determining sphere nearest center of ligand (x y z): 1.43963636363636 67.0150606060606 83.5295151515152
Center point: 288 xyz: 2.14117 66.98761 83.40058
After continuity checking, number of spheres is: 257
Spheres center of coords (x y z): 1.66105494163424 68.3352910116732 80.7762400389105
Not crystallographic ligand, so keeping spheres closest to center of receptor, center of ligand, and center of spheres
Receptor center of coords (x y z): -8.19706038338657 56.062291373802 84.3609108626198
Average weighted-distance for final elimination is: 33.4221731216903
Final number of output spheres is: 120
Number of polar spheres: 48
Number of nonpolar spheres: 63
Number of spheres that are near neither polar nor nonpolar receptor atoms: 9
Final number of spheres that are from crystallographic ligand: 0
