There are 19 ligand heavy atoms
Ligand center of coords (x y z): 23.5567368421053 5.7351052631579 14.3991052631579
Using crystallographic ligand as spheres for output
Starting number of spheres from sph/sph cluster 0: 1059
FINISHED READING IN FILE sph/sph CLUSTER 0 
Number of sphere points after cutting off spheres too far from center of ligand (10 angstroms): 752
Number of spheres after removing too far (>7 angstroms) and too close to receptor (<1.2 angstroms): 749
Number of spheres polar: 194, nonpolar: 300, out of current total: 749
Extents of grid to search are X1 X2 Y1 Y2 Z1 Z2: 13.58228 33.44672 -4.14047 15.72556 4.40005 24.39868
Number of spheres after removing spheres too close to each other (approximately <1.5 angstroms): 292
Number of spheres after second pass removing spheres absolutely <0.8 from each other: 243
Crystallographic spheres are present, so doing continuity based on crystallographic spheres
After continuity checking, number of spheres is: 214
Spheres center of coords (x y z): 20.5155777102804 7.92457906542057 12.6459499065421
Crystallographic ligand, so keeping spheres closest to ANY ligand atom, center of ligand (1/8), and center of spheres (1/8)
Average weighted-distance for final elimination is: 6.67969946322191
Final number of output spheres is: 45
Number of polar spheres: 13
Number of nonpolar spheres: 16
Number of spheres that are near neither polar nor nonpolar receptor atoms: 16
Final number of spheres that are from crystallographic ligand: 19
