There are 15 ligand heavy atoms
Ligand center of coords (x y z): 1.35413333333333 -0.1636 58.9570666666667
Using crystallographic ligand as spheres for output
Starting number of spheres from sph/sph cluster 0: 1004
FINISHED READING IN FILE sph/sph CLUSTER 0 
Number of sphere points after cutting off spheres too far from center of ligand (10 angstroms): 517
Number of spheres after removing too far (>7 angstroms) and too close to receptor (<1.2 angstroms): 517
Number of spheres polar: 75, nonpolar: 215, out of current total: 517
Extents of grid to search are X1 X2 Y1 Y2 Z1 Z2: -8.60795 11.20919 -4.87663 8.19478 49.02556 68.95593
Number of spheres after removing spheres too close to each other (approximately <1.5 angstroms): 164
Number of spheres after second pass removing spheres absolutely <0.8 from each other: 134
Crystallographic spheres are present, so doing continuity based on crystallographic spheres
After continuity checking, number of spheres is: 129
Spheres center of coords (x y z): 4.57020100775194 1.42577472868217 55.6312437209302
Crystallographic ligand, so keeping spheres closest to ANY ligand atom, center of ligand (1/8), and center of spheres (1/8)
Average weighted-distance for final elimination is: 5.84274050643768
Final number of output spheres is: 45
Number of polar spheres: 12
Number of nonpolar spheres: 18
Number of spheres that are near neither polar nor nonpolar receptor atoms: 15
Final number of spheres that are from crystallographic ligand: 15
