There are 28 ligand heavy atoms
Ligand center of coords (x y z): 39.3720357142857 36.4361785714286 29.7552142857143
Using crystallographic ligand as spheres for output
Starting number of spheres from sph/sph cluster 0: 1039
FINISHED READING IN FILE sph/sph CLUSTER 0 
Number of sphere points after cutting off spheres too far from center of ligand (10 angstroms): 673
Number of spheres after removing too far (>7 angstroms) and too close to receptor (<1.2 angstroms): 669
Number of spheres polar: 57, nonpolar: 436, out of current total: 669
Extents of grid to search are X1 X2 Y1 Y2 Z1 Z2: 29.81855 47.58347 26.44738 46.33752 19.79880 39.65250
Number of spheres after removing spheres too close to each other (approximately <1.5 angstroms): 183
Number of spheres after second pass removing spheres absolutely <0.8 from each other: 146
Crystallographic spheres are present, so doing continuity based on crystallographic spheres
After continuity checking, number of spheres is: 107
Spheres center of coords (x y z): 39.0901276635514 37.3774711214953 29.7986541121495
Crystallographic ligand, so keeping spheres closest to ANY ligand atom, center of ligand (1/8), and center of spheres (1/8)
Average weighted-distance for final elimination is: 4.24130188195237
Final number of output spheres is: 45
Number of polar spheres: 4
Number of nonpolar spheres: 31
Number of spheres that are near neither polar nor nonpolar receptor atoms: 10
Final number of spheres that are from crystallographic ligand: 28
