There are 23 ligand heavy atoms
Ligand center of coords (x y z): 10.321652173913 39.950347826087 68.0464782608695
Using crystallographic ligand as spheres for output
Starting number of spheres from sph/sph cluster 0: 1078
FINISHED READING IN FILE sph/sph CLUSTER 0 
Number of sphere points after cutting off spheres too far from center of ligand (10 angstroms): 596
Number of spheres after removing too far (>7 angstroms) and too close to receptor (<1.2 angstroms): 596
Number of spheres polar: 172, nonpolar: 333, out of current total: 596
Extents of grid to search are X1 X2 Y1 Y2 Z1 Z2: 0.32531 20.22267 29.95700 49.08463 58.30636 78.03617
Number of spheres after removing spheres too close to each other (approximately <1.5 angstroms): 181
Number of spheres after second pass removing spheres absolutely <0.8 from each other: 144
Crystallographic spheres are present, so doing continuity based on crystallographic spheres
After continuity checking, number of spheres is: 121
Spheres center of coords (x y z): 13.101542231405 41.8443054545455 70.5634761157025
Crystallographic ligand, so keeping spheres closest to ANY ligand atom, center of ligand (1/8), and center of spheres (1/8)
Average weighted-distance for final elimination is: 5.92396614523412
Final number of output spheres is: 45
Number of polar spheres: 15
Number of nonpolar spheres: 23
Number of spheres that are near neither polar nor nonpolar receptor atoms: 7
Final number of spheres that are from crystallographic ligand: 23
