There are 27 ligand heavy atoms
Ligand center of coords (x y z): -36.5955925925926 25.8431851851852 67.472
useligsph flag does not exist.
Starting number of spheres from all_spheres.sph cluster 0: 1089
FINISHED READING IN FILE all_spheres.sph CLUSTER 0 
Number of sphere points after cutting off spheres too far from center of ligand (12 angstroms): 880
Number of spheres after removing too far (>7 angstroms) and too close to receptor (<1.2 angstroms): 879
Number of spheres polar: 231, nonpolar: 374, out of current total: 879
Extents of grid to search are X1 X2 Y1 Y2 Z1 Z2: -48.26870 -24.62041 13.87307 37.83254 55.56341 79.19524
Number of spheres after removing spheres too close to each other (approximately <1.5 angstroms): 346
Number of spheres after second pass removing spheres absolutely <0.8 from each other: 277
No crystallographic spheres present, so determining sphere nearest center of ligand (x y z): -36.5955925925926 25.8431851851852 67.472
Center point: 71 xyz: -35.90790 26.07404 67.41365
After continuity checking, number of spheres is: 185
Spheres center of coords (x y z): -39.717142054054 28.8140563783784 69.0722861621621
Not crystallographic ligand, so keeping spheres closest to center of receptor, center of ligand, and center of spheres
Receptor center of coords (x y z): -28.4108389776358 26.379033226837 64.268091373802
Average weighted-distance for final elimination is: 27.9765086182056
Final number of output spheres is: 120
Number of polar spheres: 42
Number of nonpolar spheres: 33
Number of spheres that are near neither polar nor nonpolar receptor atoms: 45
Final number of spheres that are from crystallographic ligand: 0
