There are 27 ligand heavy atoms
Ligand center of coords (x y z): -36.5955925925926 25.8431851851852 67.472
Using crystallographic ligand as spheres for output
Starting number of spheres from sph/sph cluster 0: 1089
FINISHED READING IN FILE sph/sph CLUSTER 0 
Number of sphere points after cutting off spheres too far from center of ligand (10 angstroms): 672
Number of spheres after removing too far (>7 angstroms) and too close to receptor (<1.2 angstroms): 671
Number of spheres polar: 174, nonpolar: 272, out of current total: 671
Extents of grid to search are X1 X2 Y1 Y2 Z1 Z2: -46.57370 -26.64701 16.01514 35.84134 57.77378 77.44336
Number of spheres after removing spheres too close to each other (approximately <1.5 angstroms): 252
Number of spheres after second pass removing spheres absolutely <0.8 from each other: 218
Crystallographic spheres are present, so doing continuity based on crystallographic spheres
After continuity checking, number of spheres is: 172
Spheres center of coords (x y z): -39.2226194767442 27.7392414534884 69.3816129069767
Crystallographic ligand, so keeping spheres closest to ANY ligand atom, center of ligand (1/8), and center of spheres (1/8)
Average weighted-distance for final elimination is: 5.20096614985114
Final number of output spheres is: 45
Number of polar spheres: 13
Number of nonpolar spheres: 15
Number of spheres that are near neither polar nor nonpolar receptor atoms: 17
Final number of spheres that are from crystallographic ligand: 27
