There are 21 ligand heavy atoms
Ligand center of coords (x y z): 34.9714761904762 35.6896190476191 32.9218095238095
Using crystallographic ligand as spheres for output
Starting number of spheres from sph/sph cluster 0: 701
FINISHED READING IN FILE sph/sph CLUSTER 0 
Number of sphere points after cutting off spheres too far from center of ligand (10 angstroms): 420
Number of spheres after removing too far (>7 angstroms) and too close to receptor (<1.2 angstroms): 409
Number of spheres polar: 68, nonpolar: 180, out of current total: 409
Extents of grid to search are X1 X2 Y1 Y2 Z1 Z2: 25.79977 44.94791 26.78344 44.93713 22.94484 42.85000
Number of spheres after removing spheres too close to each other (approximately <1.5 angstroms): 146
Number of spheres after second pass removing spheres absolutely <0.8 from each other: 124
Crystallographic spheres are present, so doing continuity based on crystallographic spheres
After continuity checking, number of spheres is: 104
Spheres center of coords (x y z): 35.6192249038462 38.3845526923077 31.1147931730769
Crystallographic ligand, so keeping spheres closest to ANY ligand atom, center of ligand (1/8), and center of spheres (1/8)
Average weighted-distance for final elimination is: 5.67373570547065
Final number of output spheres is: 45
Number of polar spheres: 9
Number of nonpolar spheres: 18
Number of spheres that are near neither polar nor nonpolar receptor atoms: 18
Final number of spheres that are from crystallographic ligand: 21
