There are 14 ligand heavy atoms
Ligand center of coords (x y z): 52.3668571428571 153.962785714286 25.9089285714286
Using crystallographic ligand as spheres for output
Starting number of spheres from sph/sph cluster 0: 697
FINISHED READING IN FILE sph/sph CLUSTER 0 
Number of sphere points after cutting off spheres too far from center of ligand (10 angstroms): 417
Number of spheres after removing too far (>7 angstroms) and too close to receptor (<1.2 angstroms): 417
Number of spheres polar: 38, nonpolar: 241, out of current total: 417
Extents of grid to search are X1 X2 Y1 Y2 Z1 Z2: 42.40797 62.20945 145.39595 163.77017 16.01034 35.89822
Number of spheres after removing spheres too close to each other (approximately <1.5 angstroms): 104
Number of spheres after second pass removing spheres absolutely <0.8 from each other: 84
Crystallographic spheres are present, so doing continuity based on crystallographic spheres
After continuity checking, number of spheres is: 72
Spheres center of coords (x y z): 51.5794505555556 156.609659027778 28.2247402777778
Crystallographic ligand, so keeping spheres closest to ANY ligand atom, center of ligand (1/8), and center of spheres (1/8)
Average weighted-distance for final elimination is: 4.53654636592055
Final number of output spheres is: 45
Number of polar spheres: 2
Number of nonpolar spheres: 28
Number of spheres that are near neither polar nor nonpolar receptor atoms: 15
Final number of spheres that are from crystallographic ligand: 14
