There are 30 ligand heavy atoms
Ligand center of coords (x y z): 20.0639 49.311 11.7420666666667
useligsph flag does not exist.
Starting number of spheres from all_spheres.sph cluster 0: 1717
FINISHED READING IN FILE all_spheres.sph CLUSTER 0 
Number of sphere points after cutting off spheres too far from center of ligand (12 angstroms): 990
Number of spheres after removing too far (>7 angstroms) and too close to receptor (<1.2 angstroms): 990
Number of spheres polar: 166, nonpolar: 583, out of current total: 990
Extents of grid to search are X1 X2 Y1 Y2 Z1 Z2: 8.07579 31.60181 37.32818 60.33964 -0.24628 23.73582
Number of spheres after removing spheres too close to each other (approximately <1.5 angstroms): 306
Number of spheres after second pass removing spheres absolutely <0.8 from each other: 251
No crystallographic spheres present, so determining sphere nearest center of ligand (x y z): 20.0639 49.311 11.7420666666667
Center point: 210 xyz: 20.49397 49.50760 11.85147
After continuity checking, number of spheres is: 146
Spheres center of coords (x y z): 16.2074247945205 49.2222381506849 7.82329767123287
Not crystallographic ligand, so keeping spheres closest to center of receptor, center of ligand, and center of spheres
Receptor center of coords (x y z): 31.5040583690188 54.566564513126 34.4664708620368
Average weighted-distance for final elimination is: 48.0747359619266
Final number of output spheres is: 120
Number of polar spheres: 23
Number of nonpolar spheres: 69
Number of spheres that are near neither polar nor nonpolar receptor atoms: 28
Final number of spheres that are from crystallographic ligand: 0
