There are 30 ligand heavy atoms
Ligand center of coords (x y z): 20.0639 49.311 11.7420666666667
Using crystallographic ligand as spheres for output
Starting number of spheres from sph/sph cluster 0: 1717
FINISHED READING IN FILE sph/sph CLUSTER 0 
Number of sphere points after cutting off spheres too far from center of ligand (10 angstroms): 646
Number of spheres after removing too far (>7 angstroms) and too close to receptor (<1.2 angstroms): 646
Number of spheres polar: 85, nonpolar: 442, out of current total: 646
Extents of grid to search are X1 X2 Y1 Y2 Z1 Z2: 10.06849 30.01530 39.31723 58.24715 1.74904 21.56790
Number of spheres after removing spheres too close to each other (approximately <1.5 angstroms): 188
Number of spheres after second pass removing spheres absolutely <0.8 from each other: 158
Crystallographic spheres are present, so doing continuity based on crystallographic spheres
After continuity checking, number of spheres is: 103
Spheres center of coords (x y z): 18.4776873786408 49.7771396116505 10.6525465048544
Crystallographic ligand, so keeping spheres closest to ANY ligand atom, center of ligand (1/8), and center of spheres (1/8)
Average weighted-distance for final elimination is: 3.69007817789725
Final number of output spheres is: 45
Number of polar spheres: 7
Number of nonpolar spheres: 31
Number of spheres that are near neither polar nor nonpolar receptor atoms: 7
Final number of spheres that are from crystallographic ligand: 30
