There are 31 ligand heavy atoms
Ligand center of coords (x y z): -18.4480967741936 -5.489 60.0589677419355
useligsph flag does not exist.
Starting number of spheres from all_spheres.sph cluster 0: 1056
FINISHED READING IN FILE all_spheres.sph CLUSTER 0 
Number of sphere points after cutting off spheres too far from center of ligand (12 angstroms): 852
Number of spheres after removing too far (>7 angstroms) and too close to receptor (<1.2 angstroms): 836
Number of spheres polar: 248, nonpolar: 367, out of current total: 836
Extents of grid to search are X1 X2 Y1 Y2 Z1 Z2: -30.39467 -7.36671 -17.35105 6.03727 48.47955 72.00243
Number of spheres after removing spheres too close to each other (approximately <1.5 angstroms): 299
Number of spheres after second pass removing spheres absolutely <0.8 from each other: 245
No crystallographic spheres present, so determining sphere nearest center of ligand (x y z): -18.4480967741936 -5.489 60.0589677419355
Center point: 17 xyz: -17.76953 -4.75918 60.41796
After continuity checking, number of spheres is: 192
Spheres center of coords (x y z): -17.9739000520833 -2.77822598958333 61.4607798958333
Not crystallographic ligand, so keeping spheres closest to center of receptor, center of ligand, and center of spheres
Receptor center of coords (x y z): 6.00707446369631 -0.130077695269527 61.3069622524754
Average weighted-distance for final elimination is: 40.5973995998984
Final number of output spheres is: 120
Number of polar spheres: 38
Number of nonpolar spheres: 44
Number of spheres that are near neither polar nor nonpolar receptor atoms: 38
Final number of spheres that are from crystallographic ligand: 0
