There are 30 ligand heavy atoms
Ligand center of coords (x y z): 1.96986666666667 27.5588 8.82486666666667
useligsph flag does not exist.
Starting number of spheres from all_spheres.sph cluster 0: 1474
FINISHED READING IN FILE all_spheres.sph CLUSTER 0 
Number of sphere points after cutting off spheres too far from center of ligand (12 angstroms): 1129
Number of spheres after removing too far (>7 angstroms) and too close to receptor (<1.2 angstroms): 1128
Number of spheres polar: 294, nonpolar: 575, out of current total: 1128
Extents of grid to search are X1 X2 Y1 Y2 Z1 Z2: -9.97616 13.24505 16.02744 39.52356 -3.06572 20.75148
Number of spheres after removing spheres too close to each other (approximately <1.5 angstroms): 405
Number of spheres after second pass removing spheres absolutely <0.8 from each other: 329
No crystallographic spheres present, so determining sphere nearest center of ligand (x y z): 1.96986666666667 27.5588 8.82486666666667
Center point: 287 xyz: 2.35263 28.46055 9.22780
After continuity checking, number of spheres is: 255
Spheres center of coords (x y z): 0.0164447058823532 24.6544758823529 10.147609372549
Not crystallographic ligand, so keeping spheres closest to center of receptor, center of ligand, and center of spheres
Receptor center of coords (x y z): 2.54688201603665 31.0047086674304 22.277566246659
Average weighted-distance for final elimination is: 32.6648900690393
Final number of output spheres is: 120
Number of polar spheres: 49
Number of nonpolar spheres: 53
Number of spheres that are near neither polar nor nonpolar receptor atoms: 18
Final number of spheres that are from crystallographic ligand: 0
