There are 33 ligand heavy atoms
Ligand center of coords (x y z): 31.4058181818182 -1.49060606060606 25.2967878787879
useligsph flag does not exist.
Starting number of spheres from all_spheres.sph cluster 0: 1693
FINISHED READING IN FILE all_spheres.sph CLUSTER 0 
Number of sphere points after cutting off spheres too far from center of ligand (12 angstroms): 1169
Number of spheres after removing too far (>7 angstroms) and too close to receptor (<1.2 angstroms): 1165
Number of spheres polar: 115, nonpolar: 617, out of current total: 1165
Extents of grid to search are X1 X2 Y1 Y2 Z1 Z2: 19.42061 43.39251 -13.46700 10.45894 13.30324 37.15088
Number of spheres after removing spheres too close to each other (approximately <1.5 angstroms): 421
Number of spheres after second pass removing spheres absolutely <0.8 from each other: 340
No crystallographic spheres present, so determining sphere nearest center of ligand (x y z): 31.4058181818182 -1.49060606060606 25.2967878787879
Center point: 215 xyz: 31.76287 -1.31175 25.09566
After continuity checking, number of spheres is: 279
Spheres center of coords (x y z): 33.7673899641577 -3.50787017921147 20.0150062007168
Not crystallographic ligand, so keeping spheres closest to center of receptor, center of ligand, and center of spheres
Receptor center of coords (x y z): 28.9697326077677 17.0373454972258 23.0064310712762
Average weighted-distance for final elimination is: 40.8654978273372
Final number of output spheres is: 120
Number of polar spheres: 27
Number of nonpolar spheres: 65
Number of spheres that are near neither polar nor nonpolar receptor atoms: 28
Final number of spheres that are from crystallographic ligand: 0
