There are 21 ligand heavy atoms
Ligand center of coords (x y z): -25.8841904761905 29.9649523809524 -40.7839523809524
Using crystallographic ligand as spheres for output
Starting number of spheres from sph/sph cluster 0: 747
FINISHED READING IN FILE sph/sph CLUSTER 0 
Number of sphere points after cutting off spheres too far from center of ligand (10 angstroms): 526
Number of spheres after removing too far (>7 angstroms) and too close to receptor (<1.2 angstroms): 521
Number of spheres polar: 186, nonpolar: 213, out of current total: 521
Extents of grid to search are X1 X2 Y1 Y2 Z1 Z2: -35.82860 -15.94389 21.28290 39.78369 -50.77948 -31.92558
Number of spheres after removing spheres too close to each other (approximately <1.5 angstroms): 179
Number of spheres after second pass removing spheres absolutely <0.8 from each other: 149
Crystallographic spheres are present, so doing continuity based on crystallographic spheres
After continuity checking, number of spheres is: 135
Spheres center of coords (x y z): -26.1386745925926 31.9587688888889 -40.544623037037
Crystallographic ligand, so keeping spheres closest to ANY ligand atom, center of ligand (1/8), and center of spheres (1/8)
Average weighted-distance for final elimination is: 5.87529054771033
Final number of output spheres is: 45
Number of polar spheres: 13
Number of nonpolar spheres: 20
Number of spheres that are near neither polar nor nonpolar receptor atoms: 12
Final number of spheres that are from crystallographic ligand: 21
