There are 27 ligand heavy atoms
Ligand center of coords (x y z): 7.53125925925926 32.6698518518518 -0.735111111111111
useligsph flag does not exist.
Starting number of spheres from all_spheres.sph cluster 0: 1191
FINISHED READING IN FILE all_spheres.sph CLUSTER 0 
Number of sphere points after cutting off spheres too far from center of ligand (12 angstroms): 957
Number of spheres after removing too far (>7 angstroms) and too close to receptor (<1.2 angstroms): 954
Number of spheres polar: 208, nonpolar: 369, out of current total: 954
Extents of grid to search are X1 X2 Y1 Y2 Z1 Z2: -4.42492 19.49685 20.67207 43.69886 -12.66993 11.22120
Number of spheres after removing spheres too close to each other (approximately <1.5 angstroms): 381
Number of spheres after second pass removing spheres absolutely <0.8 from each other: 302
No crystallographic spheres present, so determining sphere nearest center of ligand (x y z): 7.53125925925926 32.6698518518518 -0.735111111111111
Center point: 86 xyz: 7.61251 32.51500 -0.97998
After continuity checking, number of spheres is: 285
Spheres center of coords (x y z): 7.59069957894737 29.0918574385965 -2.11885873684211
Not crystallographic ligand, so keeping spheres closest to center of receptor, center of ligand, and center of spheres
Receptor center of coords (x y z): 16.6750850245674 46.565237983337 -0.0949198889126247
Average weighted-distance for final elimination is: 39.0118397329904
Final number of output spheres is: 120
Number of polar spheres: 43
Number of nonpolar spheres: 50
Number of spheres that are near neither polar nor nonpolar receptor atoms: 27
Final number of spheres that are from crystallographic ligand: 0
