There are 27 ligand heavy atoms
Ligand center of coords (x y z): 7.53125925925926 32.6698518518518 -0.735111111111111
Using crystallographic ligand as spheres for output
Starting number of spheres from sph/sph cluster 0: 1191
FINISHED READING IN FILE sph/sph CLUSTER 0 
Number of sphere points after cutting off spheres too far from center of ligand (10 angstroms): 714
Number of spheres after removing too far (>7 angstroms) and too close to receptor (<1.2 angstroms): 714
Number of spheres polar: 154, nonpolar: 272, out of current total: 714
Extents of grid to search are X1 X2 Y1 Y2 Z1 Z2: -2.46678 17.52921 22.69100 42.66778 -10.57000 9.14047
Number of spheres after removing spheres too close to each other (approximately <1.5 angstroms): 266
Number of spheres after second pass removing spheres absolutely <0.8 from each other: 228
Crystallographic spheres are present, so doing continuity based on crystallographic spheres
After continuity checking, number of spheres is: 219
Spheres center of coords (x y z): 7.89238246575343 29.0936318721461 -2.30402657534247
Crystallographic ligand, so keeping spheres closest to ANY ligand atom, center of ligand (1/8), and center of spheres (1/8)
Average weighted-distance for final elimination is: 6.55714573463942
Final number of output spheres is: 45
Number of polar spheres: 19
Number of nonpolar spheres: 21
Number of spheres that are near neither polar nor nonpolar receptor atoms: 5
Final number of spheres that are from crystallographic ligand: 27
