There are 18 ligand heavy atoms
Ligand center of coords (x y z): 51.8371666666667 101.549777777778 29.635
useligsph flag does not exist.
Starting number of spheres from all_spheres.sph cluster 0: 947
FINISHED READING IN FILE all_spheres.sph CLUSTER 0 
Number of sphere points after cutting off spheres too far from center of ligand (12 angstroms): 672
Number of spheres after removing too far (>7 angstroms) and too close to receptor (<1.2 angstroms): 670
Number of spheres polar: 124, nonpolar: 248, out of current total: 670
Extents of grid to search are X1 X2 Y1 Y2 Z1 Z2: 39.85236 63.79351 89.55839 113.44603 17.66620 41.63182
Number of spheres after removing spheres too close to each other (approximately <1.5 angstroms): 282
Number of spheres after second pass removing spheres absolutely <0.8 from each other: 220
No crystallographic spheres present, so determining sphere nearest center of ligand (x y z): 51.8371666666667 101.549777777778 29.635
Center point: 84 xyz: 51.86567 101.64092 29.69817
After continuity checking, number of spheres is: 175
Spheres center of coords (x y z): 53.5163699428572 102.756870685714 34.6780672571429
Not crystallographic ligand, so keeping spheres closest to center of receptor, center of ligand, and center of spheres
Receptor center of coords (x y z): 25.7991983261476 118.182383717981 25.3813417448643
Average weighted-distance for final elimination is: 48.2157936932893
Final number of output spheres is: 120
Number of polar spheres: 16
Number of nonpolar spheres: 51
Number of spheres that are near neither polar nor nonpolar receptor atoms: 53
Final number of spheres that are from crystallographic ligand: 0
