There are 39 ligand heavy atoms
Ligand center of coords (x y z): 24.2773846153846 20.4181794871795 28.334717948718
useligsph flag does not exist.
Starting number of spheres from all_spheres.sph cluster 0: 1085
FINISHED READING IN FILE all_spheres.sph CLUSTER 0 
Number of sphere points after cutting off spheres too far from center of ligand (12 angstroms): 663
Number of spheres after removing too far (>7 angstroms) and too close to receptor (<1.2 angstroms): 651
Number of spheres polar: 176, nonpolar: 267, out of current total: 651
Extents of grid to search are X1 X2 Y1 Y2 Z1 Z2: 12.29622 36.26439 8.42930 30.43608 16.35167 40.30155
Number of spheres after removing spheres too close to each other (approximately <1.5 angstroms): 267
Number of spheres after second pass removing spheres absolutely <0.8 from each other: 200
No crystallographic spheres present, so determining sphere nearest center of ligand (x y z): 24.2773846153846 20.4181794871795 28.334717948718
Center point: 166 xyz: 23.99223 20.11160 28.37665
After continuity checking, number of spheres is: 172
Spheres center of coords (x y z): 23.7362492441861 22.2594751162791 27.7932424418605
Not crystallographic ligand, so keeping spheres closest to center of receptor, center of ligand, and center of spheres
Receptor center of coords (x y z): 20.5294032819493 10.2187916459473 24.4117250124315
Average weighted-distance for final elimination is: 30.6170715733746
Final number of output spheres is: 120
Number of polar spheres: 35
Number of nonpolar spheres: 38
Number of spheres that are near neither polar nor nonpolar receptor atoms: 47
Final number of spheres that are from crystallographic ligand: 0
