Argument "27.490-100.256" isn't numeric in subtraction (-) at /raid1/people/rgc/Source/Dock/dockenv/trunk/scripts/makespheres3.cli.pl line 230.
Argument "27.403-100.318" isn't numeric in subtraction (-) at /raid1/people/rgc/Source/Dock/dockenv/trunk/scripts/makespheres3.cli.pl line 230.
Argument "27.738-101.724" isn't numeric in subtraction (-) at /raid1/people/rgc/Source/Dock/dockenv/trunk/scripts/makespheres3.cli.pl line 230.
Argument "26.614-102.694" isn't numeric in subtraction (-) at /raid1/people/rgc/Source/Dock/dockenv/trunk/scripts/makespheres3.cli.pl line 230.
Argument "26.732-104.009" isn't numeric in subtraction (-) at /raid1/people/rgc/Source/Dock/dockenv/trunk/scripts/makespheres3.cli.pl line 230.
Argument "27.557-104.105" isn't numeric in subtraction (-) at /raid1/people/rgc/Source/Dock/dockenv/trunk/scripts/makespheres3.cli.pl line 230.
Argument "25.987-104.942" isn't numeric in subtraction (-) at /raid1/people/rgc/Source/Dock/dockenv/trunk/scripts/makespheres3.cli.pl line 230.
Argument "27.783-101.102" isn't numeric in subtraction (-) at /raid1/people/rgc/Source/Dock/dockenv/trunk/scripts/makespheres3.cli.pl line 230.
Argument "27.807-100.037" isn't numeric in subtraction (-) at /raid1/people/rgc/Source/Dock/dockenv/trunk/scripts/makespheres3.cli.pl line 230.
Argument "1.405-100.737" isn't numeric in subtraction (-) at /raid1/people/rgc/Source/Dock/dockenv/trunk/scripts/makespheres3.cli.pl line 230.
Argument "2.337-101.546" isn't numeric in subtraction (-) at /raid1/people/rgc/Source/Dock/dockenv/trunk/scripts/makespheres3.cli.pl line 230.
Argument "3.560-101.381" isn't numeric in subtraction (-) at /raid1/people/rgc/Source/Dock/dockenv/trunk/scripts/makespheres3.cli.pl line 230.
Argument "1.768-102.418" isn't numeric in subtraction (-) at /raid1/people/rgc/Source/Dock/dockenv/trunk/scripts/makespheres3.cli.pl line 230.
Argument "2.572-103.243" isn't numeric in subtraction (-) at /raid1/people/rgc/Source/Dock/dockenv/trunk/scripts/makespheres3.cli.pl line 230.
Argument "2.780-102.560" isn't numeric in subtraction (-) at /raid1/people/rgc/Source/Dock/dockenv/trunk/scripts/makespheres3.cli.pl line 230.
Argument "3.443-103.105" isn't numeric in subtraction (-) at /raid1/people/rgc/Source/Dock/dockenv/trunk/scripts/makespheres3.cli.pl line 230.
Argument "1.915-104.617" isn't numeric in subtraction (-) at /raid1/people/rgc/Source/Dock/dockenv/trunk/scripts/makespheres3.cli.pl line 230.
Argument "0.782-102.568" isn't numeric in subtraction (-) at /raid1/people/rgc/Source/Dock/dockenv/trunk/scripts/makespheres3.cli.pl line 230.
Argument "2.221-101.363" isn't numeric in subtraction (-) at /raid1/people/rgc/Source/Dock/dockenv/trunk/scripts/makespheres3.cli.pl line 230.
Argument "2.290-100.660" isn't numeric in subtraction (-) at /raid1/people/rgc/Source/Dock/dockenv/trunk/scripts/makespheres3.cli.pl line 230.
Argument "-0.277-100.559" isn't numeric in subtraction (-) at /raid1/people/rgc/Source/Dock/dockenv/trunk/scripts/makespheres3.cli.pl line 230.
Argument "-0.360-101.936" isn't numeric in subtraction (-) at /raid1/people/rgc/Source/Dock/dockenv/trunk/scripts/makespheres3.cli.pl line 230.
Argument "0.179-103.307" isn't numeric in subtraction (-) at /raid1/people/rgc/Source/Dock/dockenv/trunk/scripts/makespheres3.cli.pl line 230.
Argument "1.728-100.873" isn't numeric in subtraction (-) at /raid1/people/rgc/Source/Dock/dockenv/trunk/scripts/makespheres3.cli.pl line 230.
Argument "7.414-100.014" isn't numeric in subtraction (-) at /raid1/people/rgc/Source/Dock/dockenv/trunk/scripts/makespheres3.cli.pl line 230.
Argument "6.394-100.229" isn't numeric in subtraction (-) at /raid1/people/rgc/Source/Dock/dockenv/trunk/scripts/makespheres3.cli.pl line 230.
Argument "8.488-101.100" isn't numeric in subtraction (-) at /raid1/people/rgc/Source/Dock/dockenv/trunk/scripts/makespheres3.cli.pl line 230.
Argument "4.110-100.643" isn't numeric in subtraction (-) at /raid1/people/rgc/Source/Dock/dockenv/trunk/scripts/makespheres3.cli.pl line 230.
Argument "15.844-100.222" isn't numeric in subtraction (-) at /raid1/people/rgc/Source/Dock/dockenv/trunk/scripts/makespheres3.cli.pl line 230.
Argument "15.649-100.747" isn't numeric in subtraction (-) at /raid1/people/rgc/Source/Dock/dockenv/trunk/scripts/makespheres3.cli.pl line 230.
Argument "14.250-100.603" isn't numeric in subtraction (-) at /raid1/people/rgc/Source/Dock/dockenv/trunk/scripts/makespheres3.cli.pl line 230.
Argument "12.872-100.193" isn't numeric in subtraction (-) at /raid1/people/rgc/Source/Dock/dockenv/trunk/scripts/makespheres3.cli.pl line 230.
Argument "14.242-102.068" isn't numeric in subtraction (-) at /raid1/people/rgc/Source/Dock/dockenv/trunk/scripts/makespheres3.cli.pl line 230.
Argument "12.475-100.843" isn't numeric in subtraction (-) at /raid1/people/rgc/Source/Dock/dockenv/trunk/scripts/makespheres3.cli.pl line 230.
Argument "17.051-100.090" isn't numeric in subtraction (-) at /raid1/people/rgc/Source/Dock/dockenv/trunk/scripts/makespheres3.cli.pl line 230.
Argument "18.221-100.635" isn't numeric in subtraction (-) at /raid1/people/rgc/Source/Dock/dockenv/trunk/scripts/makespheres3.cli.pl line 230.
Argument "18.759-100.616" isn't numeric in subtraction (-) at /raid1/people/rgc/Source/Dock/dockenv/trunk/scripts/makespheres3.cli.pl line 230.
Argument "19.443-100.487" isn't numeric in subtraction (-) at /raid1/people/rgc/Source/Dock/dockenv/trunk/scripts/makespheres3.cli.pl line 230.
Argument "20.640-101.273" isn't numeric in subtraction (-) at /raid1/people/rgc/Source/Dock/dockenv/trunk/scripts/makespheres3.cli.pl line 230.
Argument "21.755-101.264" isn't numeric in subtraction (-) at /raid1/people/rgc/Source/Dock/dockenv/trunk/scripts/makespheres3.cli.pl line 230.
Argument "21.577-101.732" isn't numeric in subtraction (-) at /raid1/people/rgc/Source/Dock/dockenv/trunk/scripts/makespheres3.cli.pl line 230.
Argument "22.904-100.715" isn't numeric in subtraction (-) at /raid1/people/rgc/Source/Dock/dockenv/trunk/scripts/makespheres3.cli.pl line 230.
Argument "23.672-100.668" isn't numeric in subtraction (-) at /raid1/people/rgc/Source/Dock/dockenv/trunk/scripts/makespheres3.cli.pl line 230.
Argument "23.001-100.349" isn't numeric in subtraction (-) at /raid1/people/rgc/Source/Dock/dockenv/trunk/scripts/makespheres3.cli.pl line 230.
Argument "14.981-100.008" isn't numeric in subtraction (-) at /raid1/people/rgc/Source/Dock/dockenv/trunk/scripts/makespheres3.cli.pl line 230.
Argument "15.563-100.750" isn't numeric in subtraction (-) at /raid1/people/rgc/Source/Dock/dockenv/trunk/scripts/makespheres3.cli.pl line 230.
Argument "15.689-102.134" isn't numeric in subtraction (-) at /raid1/people/rgc/Source/Dock/dockenv/trunk/scripts/makespheres3.cli.pl line 230.
Argument "16.803-102.297" isn't numeric in subtraction (-) at /raid1/people/rgc/Source/Dock/dockenv/trunk/scripts/makespheres3.cli.pl line 230.
Argument "16.624-102.972" isn't numeric in subtraction (-) at /raid1/people/rgc/Source/Dock/dockenv/trunk/scripts/makespheres3.cli.pl line 230.
Argument "15.880-103.095" isn't numeric in subtraction (-) at /raid1/people/rgc/Source/Dock/dockenv/trunk/scripts/makespheres3.cli.pl line 230.
Argument "14.700-103.037" isn't numeric in subtraction (-) at /raid1/people/rgc/Source/Dock/dockenv/trunk/scripts/makespheres3.cli.pl line 230.
Argument "16.073-104.539" isn't numeric in subtraction (-) at /raid1/people/rgc/Source/Dock/dockenv/trunk/scripts/makespheres3.cli.pl line 230.
Argument "15.762-100.606" isn't numeric in subtraction (-) at /raid1/people/rgc/Source/Dock/dockenv/trunk/scripts/makespheres3.cli.pl line 230.
Argument "14.758-102.257" isn't numeric in subtraction (-) at /raid1/people/rgc/Source/Dock/dockenv/trunk/scripts/makespheres3.cli.pl line 230.
Argument "17.940-101.661" isn't numeric in subtraction (-) at /raid1/people/rgc/Source/Dock/dockenv/trunk/scripts/makespheres3.cli.pl line 230.
Argument "19.062-101.697" isn't numeric in subtraction (-) at /raid1/people/rgc/Source/Dock/dockenv/trunk/scripts/makespheres3.cli.pl line 230.
Argument "18.689-101.116" isn't numeric in subtraction (-) at /raid1/people/rgc/Source/Dock/dockenv/trunk/scripts/makespheres3.cli.pl line 230.
Argument "18.908-101.747" isn't numeric in subtraction (-) at /raid1/people/rgc/Source/Dock/dockenv/trunk/scripts/makespheres3.cli.pl line 230.
Argument "20.240-100.920" isn't numeric in subtraction (-) at /raid1/people/rgc/Source/Dock/dockenv/trunk/scripts/makespheres3.cli.pl line 230.
Argument "21.486-101.004" isn't numeric in subtraction (-) at /raid1/people/rgc/Source/Dock/dockenv/trunk/scripts/makespheres3.cli.pl line 230.
Argument "22.302-102.127" isn't numeric in subtraction (-) at /raid1/people/rgc/Source/Dock/dockenv/trunk/scripts/makespheres3.cli.pl line 230.
Argument "23.440-102.221" isn't numeric in subtraction (-) at /raid1/people/rgc/Source/Dock/dockenv/trunk/scripts/makespheres3.cli.pl line 230.
Argument "22.975-100.050" isn't numeric in subtraction (-) at /raid1/people/rgc/Source/Dock/dockenv/trunk/scripts/makespheres3.cli.pl line 230.
Argument "23.773-101.180" isn't numeric in subtraction (-) at /raid1/people/rgc/Source/Dock/dockenv/trunk/scripts/makespheres3.cli.pl line 230.
Argument "24.907-101.271" isn't numeric in subtraction (-) at /raid1/people/rgc/Source/Dock/dockenv/trunk/scripts/makespheres3.cli.pl line 230.
Argument "18.098-101.123" isn't numeric in subtraction (-) at /raid1/people/rgc/Source/Dock/dockenv/trunk/scripts/makespheres3.cli.pl line 230.
Argument "25.002-100.441" isn't numeric in subtraction (-) at /raid1/people/rgc/Source/Dock/dockenv/trunk/scripts/makespheres3.cli.pl line 230.
Argument "15.749-100.485" isn't numeric in subtraction (-) at /raid1/people/rgc/Source/Dock/dockenv/trunk/scripts/makespheres3.cli.pl line 230.
Argument "14.620-101.113" isn't numeric in subtraction (-) at /raid1/people/rgc/Source/Dock/dockenv/trunk/scripts/makespheres3.cli.pl line 230.
Argument "15.083-102.262" isn't numeric in subtraction (-) at /raid1/people/rgc/Source/Dock/dockenv/trunk/scripts/makespheres3.cli.pl line 230.
Argument "14.342-102.719" isn't numeric in subtraction (-) at /raid1/people/rgc/Source/Dock/dockenv/trunk/scripts/makespheres3.cli.pl line 230.
Argument "13.572-101.605" isn't numeric in subtraction (-) at /raid1/people/rgc/Source/Dock/dockenv/trunk/scripts/makespheres3.cli.pl line 230.
Argument "12.574-100.544" isn't numeric in subtraction (-) at /raid1/people/rgc/Source/Dock/dockenv/trunk/scripts/makespheres3.cli.pl line 230.
Argument "11.741-101.046" isn't numeric in subtraction (-) at /raid1/people/rgc/Source/Dock/dockenv/trunk/scripts/makespheres3.cli.pl line 230.
Argument "11.675-100.091" isn't numeric in subtraction (-) at /raid1/people/rgc/Source/Dock/dockenv/trunk/scripts/makespheres3.cli.pl line 230.
Argument "15.756-100.587" isn't numeric in subtraction (-) at /raid1/people/rgc/Source/Dock/dockenv/trunk/scripts/makespheres3.cli.pl line 230.
Argument "16.309-102.716" isn't numeric in subtraction (-) at /raid1/people/rgc/Source/Dock/dockenv/trunk/scripts/makespheres3.cli.pl line 230.
Argument "16.886-103.782" isn't numeric in subtraction (-) at /raid1/people/rgc/Source/Dock/dockenv/trunk/scripts/makespheres3.cli.pl line 230.
Argument "17.474-103.242" isn't numeric in subtraction (-) at /raid1/people/rgc/Source/Dock/dockenv/trunk/scripts/makespheres3.cli.pl line 230.
Argument "17.942-104.009" isn't numeric in subtraction (-) at /raid1/people/rgc/Source/Dock/dockenv/trunk/scripts/makespheres3.cli.pl line 230.
Argument "17.967-104.517" isn't numeric in subtraction (-) at /raid1/people/rgc/Source/Dock/dockenv/trunk/scripts/makespheres3.cli.pl line 230.
Argument "17.426-105.265" isn't numeric in subtraction (-) at /raid1/people/rgc/Source/Dock/dockenv/trunk/scripts/makespheres3.cli.pl line 230.
Argument "18.527-105.909" isn't numeric in subtraction (-) at /raid1/people/rgc/Source/Dock/dockenv/trunk/scripts/makespheres3.cli.pl line 230.
Argument "18.701-105.606" isn't numeric in subtraction (-) at /raid1/people/rgc/Source/Dock/dockenv/trunk/scripts/makespheres3.cli.pl line 230.
Argument "19.292-106.798" isn't numeric in subtraction (-) at /raid1/people/rgc/Source/Dock/dockenv/trunk/scripts/makespheres3.cli.pl line 230.
Argument "16.914-102.374" isn't numeric in subtraction (-) at /raid1/people/rgc/Source/Dock/dockenv/trunk/scripts/makespheres3.cli.pl line 230.
Argument "20.042-107.249" isn't numeric in subtraction (-) at /raid1/people/rgc/Source/Dock/dockenv/trunk/scripts/makespheres3.cli.pl line 230.
Argument "19.115-107.013" isn't numeric in subtraction (-) at /raid1/people/rgc/Source/Dock/dockenv/trunk/scripts/makespheres3.cli.pl line 230.
Argument "17.467-101.923" isn't numeric in subtraction (-) at /raid1/people/rgc/Source/Dock/dockenv/trunk/scripts/makespheres3.cli.pl line 230.
Argument "17.970-101.286" isn't numeric in subtraction (-) at /raid1/people/rgc/Source/Dock/dockenv/trunk/scripts/makespheres3.cli.pl line 230.
Argument "16.792-100.750" isn't numeric in subtraction (-) at /raid1/people/rgc/Source/Dock/dockenv/trunk/scripts/makespheres3.cli.pl line 230.
Argument "15.770-100.383" isn't numeric in subtraction (-) at /raid1/people/rgc/Source/Dock/dockenv/trunk/scripts/makespheres3.cli.pl line 230.
Argument "18.920-100.147" isn't numeric in subtraction (-) at /raid1/people/rgc/Source/Dock/dockenv/trunk/scripts/makespheres3.cli.pl line 230.
Argument "20.190-100.590" isn't numeric in subtraction (-) at /raid1/people/rgc/Source/Dock/dockenv/trunk/scripts/makespheres3.cli.pl line 230.
Argument "23.257-100.515" isn't numeric in subtraction (-) at /raid1/people/rgc/Source/Dock/dockenv/trunk/scripts/makespheres3.cli.pl line 230.
Argument "17.124-101.284" isn't numeric in subtraction (-) at /raid1/people/rgc/Source/Dock/dockenv/trunk/scripts/makespheres3.cli.pl line 230.
Argument "24.054-100.753" isn't numeric in subtraction (-) at /raid1/people/rgc/Source/Dock/dockenv/trunk/scripts/makespheres3.cli.pl line 230.
Argument "22.833-101.351" isn't numeric in subtraction (-) at /raid1/people/rgc/Source/Dock/dockenv/trunk/scripts/makespheres3.cli.pl line 230.
Argument "16.922-100.713" isn't numeric in subtraction (-) at /raid1/people/rgc/Source/Dock/dockenv/trunk/scripts/makespheres3.cli.pl line 230.
Argument "15.799-100.232" isn't numeric in subtraction (-) at /raid1/people/rgc/Source/Dock/dockenv/trunk/scripts/makespheres3.cli.pl line 230.
Argument "16.221-100.586" isn't numeric in subtraction (-) at /raid1/people/rgc/Source/Dock/dockenv/trunk/scripts/makespheres3.cli.pl line 230.
Argument "17.728-100.435" isn't numeric in subtraction (-) at /raid1/people/rgc/Source/Dock/dockenv/trunk/scripts/makespheres3.cli.pl line 230.
Argument "18.111-101.005" isn't numeric in subtraction (-) at /raid1/people/rgc/Source/Dock/dockenv/trunk/scripts/makespheres3.cli.pl line 230.
Argument "10.513-100.619" isn't numeric in subtraction (-) at /raid1/people/rgc/Source/Dock/dockenv/trunk/scripts/makespheres3.cli.pl line 230.
Argument "10.160-102.023" isn't numeric in subtraction (-) at /raid1/people/rgc/Source/Dock/dockenv/trunk/scripts/makespheres3.cli.pl line 230.
Argument "10.088-103.056" isn't numeric in subtraction (-) at /raid1/people/rgc/Source/Dock/dockenv/trunk/scripts/makespheres3.cli.pl line 230.
Argument "11.147-103.348" isn't numeric in subtraction (-) at /raid1/people/rgc/Source/Dock/dockenv/trunk/scripts/makespheres3.cli.pl line 230.
Argument "8.979-103.585" isn't numeric in subtraction (-) at /raid1/people/rgc/Source/Dock/dockenv/trunk/scripts/makespheres3.cli.pl line 230.
There are 43 ligand heavy atoms
Ligand center of coords (x y z): 17.0561627906977 -73.5730697674419 3.58241860465116
Using crystallographic ligand as spheres for output
Starting number of spheres from sph/sph cluster 0: 1235
FINISHED READING IN FILE sph/sph CLUSTER 0 
Number of sphere points after cutting off spheres too far from center of ligand (10 angstroms): 781
Number of spheres after removing too far (>7 angstroms) and too close to receptor (<1.2 angstroms): 780
Number of spheres polar: 55, nonpolar: 393, out of current total: 780
Extents of grid to search are X1 X2 Y1 Y2 Z1 Z2: 8.53428 27.04402 -80.68449 -63.58385 -6.23620 13.56052
Number of spheres after removing spheres too close to each other (approximately <1.5 angstroms): 310
Number of spheres after second pass removing spheres absolutely <0.8 from each other: 267
Crystallographic spheres are present, so doing continuity based on crystallographic spheres
After continuity checking, number of spheres is: 263
Spheres center of coords (x y z): 18.4127050570342 -70.75888878327 2.94857524714829
Crystallographic ligand, so keeping spheres closest to ANY ligand atom, center of ligand (1/8), and center of spheres (1/8)
Average weighted-distance for final elimination is: 5.21108893488109
Final number of output spheres is: 45
Number of polar spheres: 5
Number of nonpolar spheres: 28
Number of spheres that are near neither polar nor nonpolar receptor atoms: 12
Final number of spheres that are from crystallographic ligand: 43
