There are 32 ligand heavy atoms
Ligand center of coords (x y z): -0.140125 24.3759375 67.62375
useligsph flag does not exist.
Starting number of spheres from all_spheres.sph cluster 0: 1265
FINISHED READING IN FILE all_spheres.sph CLUSTER 0 
Number of sphere points after cutting off spheres too far from center of ligand (12 angstroms): 984
Number of spheres after removing too far (>7 angstroms) and too close to receptor (<1.2 angstroms): 984
Number of spheres polar: 194, nonpolar: 536, out of current total: 984
Extents of grid to search are X1 X2 Y1 Y2 Z1 Z2: -10.89509 11.85255 13.00385 35.76658 55.79425 79.55690
Number of spheres after removing spheres too close to each other (approximately <1.5 angstroms): 359
Number of spheres after second pass removing spheres absolutely <0.8 from each other: 309
No crystallographic spheres present, so determining sphere nearest center of ligand (x y z): -0.140125 24.3759375 67.62375
Center point: 105 xyz: -0.90092 25.28900 67.87370
After continuity checking, number of spheres is: 249
Spheres center of coords (x y z): -3.27142742971887 23.8236100401606 67.3683925702811
Not crystallographic ligand, so keeping spheres closest to center of receptor, center of ligand, and center of spheres
Receptor center of coords (x y z): -6.39746387184731 35.202291411043 67.1020705521472
Average weighted-distance for final elimination is: 30.1041562091142
Final number of output spheres is: 120
Number of polar spheres: 37
Number of nonpolar spheres: 58
Number of spheres that are near neither polar nor nonpolar receptor atoms: 25
Final number of spheres that are from crystallographic ligand: 0
