There are 32 ligand heavy atoms
Ligand center of coords (x y z): -0.140125 24.3759375 67.62375
Using crystallographic ligand as spheres for output
Starting number of spheres from sph/sph cluster 0: 1265
FINISHED READING IN FILE sph/sph CLUSTER 0 
Number of sphere points after cutting off spheres too far from center of ligand (10 angstroms): 869
Number of spheres after removing too far (>7 angstroms) and too close to receptor (<1.2 angstroms): 869
Number of spheres polar: 180, nonpolar: 493, out of current total: 869
Extents of grid to search are X1 X2 Y1 Y2 Z1 Z2: -9.86348 9.80940 14.42848 34.37241 57.66599 77.60497
Number of spheres after removing spheres too close to each other (approximately <1.5 angstroms): 302
Number of spheres after second pass removing spheres absolutely <0.8 from each other: 247
Crystallographic spheres are present, so doing continuity based on crystallographic spheres
After continuity checking, number of spheres is: 205
Spheres center of coords (x y z): -2.77621595121951 23.5712782926829 67.697357804878
Crystallographic ligand, so keeping spheres closest to ANY ligand atom, center of ligand (1/8), and center of spheres (1/8)
Average weighted-distance for final elimination is: 5.27421684590055
Final number of output spheres is: 45
Number of polar spheres: 10
Number of nonpolar spheres: 33
Number of spheres that are near neither polar nor nonpolar receptor atoms: 2
Final number of spheres that are from crystallographic ligand: 32
