There are 26 ligand heavy atoms
Ligand center of coords (x y z): 30.9885769230769 -22.2836153846154 -16.5072307692308
useligsph flag does not exist.
Starting number of spheres from all_spheres.sph cluster 0: 1585
FINISHED READING IN FILE all_spheres.sph CLUSTER 0 
Number of sphere points after cutting off spheres too far from center of ligand (12 angstroms): 940
Number of spheres after removing too far (>7 angstroms) and too close to receptor (<1.2 angstroms): 940
Number of spheres polar: 155, nonpolar: 564, out of current total: 940
Extents of grid to search are X1 X2 Y1 Y2 Z1 Z2: 19.03340 42.84223 -33.35690 -10.45984 -28.21265 -4.52619
Number of spheres after removing spheres too close to each other (approximately <1.5 angstroms): 322
Number of spheres after second pass removing spheres absolutely <0.8 from each other: 222
No crystallographic spheres present, so determining sphere nearest center of ligand (x y z): 30.9885769230769 -22.2836153846154 -16.5072307692308
Center point: 110 xyz: 30.47684 -22.70919 -16.45515
After continuity checking, number of spheres is: 184
Spheres center of coords (x y z): 28.335122173913 -18.6136443478261 -18.7622226086957
Not crystallographic ligand, so keeping spheres closest to center of receptor, center of ligand, and center of spheres
Receptor center of coords (x y z): 54.1130111171861 -25.5295061053399 -5.6138366138145
Average weighted-distance for final elimination is: 48.6143684208667
Final number of output spheres is: 120
Number of polar spheres: 24
Number of nonpolar spheres: 74
Number of spheres that are near neither polar nor nonpolar receptor atoms: 22
Final number of spheres that are from crystallographic ligand: 0
