There are 26 ligand heavy atoms
Ligand center of coords (x y z): 18.8227692307692 72.5325769230769 20.4016923076923
Using crystallographic ligand as spheres for output
Starting number of spheres from sph/sph cluster 0: 1072
FINISHED READING IN FILE sph/sph CLUSTER 0 
Number of sphere points after cutting off spheres too far from center of ligand (10 angstroms): 359
Number of spheres after removing too far (>7 angstroms) and too close to receptor (<1.2 angstroms): 359
Number of spheres polar: 121, nonpolar: 206, out of current total: 359
Extents of grid to search are X1 X2 Y1 Y2 Z1 Z2: 8.82765 28.77802 62.55811 82.51153 13.33218 30.39483
Number of spheres after removing spheres too close to each other (approximately <1.5 angstroms): 117
Number of spheres after second pass removing spheres absolutely <0.8 from each other: 100
Crystallographic spheres are present, so doing continuity based on crystallographic spheres
After continuity checking, number of spheres is: 62
Spheres center of coords (x y z): 19.0286417741935 72.6549916129032 20.1478761290323
Crystallographic ligand, so keeping spheres closest to ANY ligand atom, center of ligand (1/8), and center of spheres (1/8)
Average weighted-distance for final elimination is: 1.6156727019335
Final number of output spheres is: 45
Number of polar spheres: 12
Number of nonpolar spheres: 28
Number of spheres that are near neither polar nor nonpolar receptor atoms: 5
Final number of spheres that are from crystallographic ligand: 26
