reduce: version 3.14 08/21/2008, Copyright 1997-2008, J. Michael Word
Processing file: "rec.pdb"
Database of HETATM connections: "reduce_wwPDB_het_dict.txt"
VDW dot density = 16/A^2
Orientation penalty scale = 1 (100%)
Eliminate contacts within 3 bonds.
Ignore atoms with |occupancy| <= 0.01 during adjustments.
Waters ignored if B-Factor >= 40 or |occupancy| < 0.66
Aromatic rings in amino acids accept hydrogen bonds.
Building His ring NH Hydrogens.
Building or keeping OH & SH Hydrogens.
Processing Met methyls.
ERROR CTab(reduce_wwPDB_het_dict.txt): could not open
*WARNING*: Residues GLY 682  and GLN 696  in chain  A appear unbonded 
            and will be treated as a chain break
*WARNING*: Residues GLY 682  and GLN 696  in chain  A appear unbonded 
            and will be treated as a chain break
*WARNING*: Residues GLY 813  and ALA 815  in chain  A appear unbonded 
            and will be treated as a chain break
*WARNING*: Residues GLY 813  and ALA 815  in chain  A appear unbonded 
            and will be treated as a chain break
Found 2382 hydrogens (0 hets)
Standardized 0 hydrogens (0 hets)
Added 8 hydrogens (0 hets)
Removed 0 hydrogens (0 hets)
If you publish work which uses reduce, please cite:
Word, et. al. (1999) J. Mol. Biol. 285, 1735-1747.
For more information see http://kinemage.biochem.duke.edu
