There are 28 ligand heavy atoms
Ligand center of coords (x y z): 7.05103571428571 30.2150357142857 9.30185714285714
useligsph flag does not exist.
Starting number of spheres from all_spheres.sph cluster 0: 1150
FINISHED READING IN FILE all_spheres.sph CLUSTER 0 
Number of sphere points after cutting off spheres too far from center of ligand (12 angstroms): 838
Number of spheres after removing too far (>7 angstroms) and too close to receptor (<1.2 angstroms): 811
Number of spheres polar: 193, nonpolar: 406, out of current total: 811
Extents of grid to search are X1 X2 Y1 Y2 Z1 Z2: -4.89291 19.04890 18.24603 42.20707 -2.68516 21.16105
Number of spheres after removing spheres too close to each other (approximately <1.5 angstroms): 361
Number of spheres after second pass removing spheres absolutely <0.8 from each other: 275
No crystallographic spheres present, so determining sphere nearest center of ligand (x y z): 7.05103571428571 30.2150357142857 9.30185714285714
Center point: 160 xyz: 7.07257 30.68507 9.28725
After continuity checking, number of spheres is: 230
Spheres center of coords (x y z): 5.25409547826087 32.9463172608695 8.83915947826087
Not crystallographic ligand, so keeping spheres closest to center of receptor, center of ligand, and center of spheres
Receptor center of coords (x y z): 15.6932482075794 28.9855216797543 -0.603045066575622
Average weighted-distance for final elimination is: 33.6708588107271
Final number of output spheres is: 120
Number of polar spheres: 37
Number of nonpolar spheres: 48
Number of spheres that are near neither polar nor nonpolar receptor atoms: 35
Final number of spheres that are from crystallographic ligand: 0
