There are 28 ligand heavy atoms
Ligand center of coords (x y z): 7.05103571428571 30.2150357142857 9.30185714285714
Using crystallographic ligand as spheres for output
Starting number of spheres from sph/sph cluster 0: 1150
FINISHED READING IN FILE sph/sph CLUSTER 0 
Number of sphere points after cutting off spheres too far from center of ligand (10 angstroms): 611
Number of spheres after removing too far (>7 angstroms) and too close to receptor (<1.2 angstroms): 599
Number of spheres polar: 136, nonpolar: 284, out of current total: 599
Extents of grid to search are X1 X2 Y1 Y2 Z1 Z2: -2.90232 17.01485 21.42836 40.20640 -0.67899 19.28220
Number of spheres after removing spheres too close to each other (approximately <1.5 angstroms): 242
Number of spheres after second pass removing spheres absolutely <0.8 from each other: 207
Crystallographic spheres are present, so doing continuity based on crystallographic spheres
After continuity checking, number of spheres is: 188
Spheres center of coords (x y z): 4.80824239361702 32.6336743617021 9.18311861702128
Crystallographic ligand, so keeping spheres closest to ANY ligand atom, center of ligand (1/8), and center of spheres (1/8)
Average weighted-distance for final elimination is: 5.78631340986313
Final number of output spheres is: 45
Number of polar spheres: 11
Number of nonpolar spheres: 24
Number of spheres that are near neither polar nor nonpolar receptor atoms: 10
Final number of spheres that are from crystallographic ligand: 28
