There are 29 ligand heavy atoms
Ligand center of coords (x y z): 37.8585517241379 5.89365517241379 16.8557586206897
Using crystallographic ligand as spheres for output
Starting number of spheres from sph/sph cluster 0: 1255
FINISHED READING IN FILE sph/sph CLUSTER 0 
Number of sphere points after cutting off spheres too far from center of ligand (10 angstroms): 811
Number of spheres after removing too far (>7 angstroms) and too close to receptor (<1.2 angstroms): 811
Number of spheres polar: 173, nonpolar: 476, out of current total: 811
Extents of grid to search are X1 X2 Y1 Y2 Z1 Z2: 27.90022 47.77437 -3.63276 15.87333 6.90090 26.85554
Number of spheres after removing spheres too close to each other (approximately <1.5 angstroms): 264
Number of spheres after second pass removing spheres absolutely <0.8 from each other: 219
Crystallographic spheres are present, so doing continuity based on crystallographic spheres
After continuity checking, number of spheres is: 176
Spheres center of coords (x y z): 35.3995643181818 5.12369744318182 17.8756470454545
Crystallographic ligand, so keeping spheres closest to ANY ligand atom, center of ligand (1/8), and center of spheres (1/8)
Average weighted-distance for final elimination is: 4.57598765193875
Final number of output spheres is: 45
Number of polar spheres: 13
Number of nonpolar spheres: 25
Number of spheres that are near neither polar nor nonpolar receptor atoms: 7
Final number of spheres that are from crystallographic ligand: 29
