There are 50 ligand heavy atoms
Ligand center of coords (x y z): 36.68594 -15.69362 29.69054
useligsph flag does not exist.
Starting number of spheres from all_spheres.sph cluster 0: 1944
FINISHED READING IN FILE all_spheres.sph CLUSTER 0 
Number of sphere points after cutting off spheres too far from center of ligand (12 angstroms): 1225
Number of spheres after removing too far (>7 angstroms) and too close to receptor (<1.2 angstroms): 1225
Number of spheres polar: 386, nonpolar: 669, out of current total: 1225
Extents of grid to search are X1 X2 Y1 Y2 Z1 Z2: 24.73501 48.66716 -27.48969 -3.75657 20.15343 41.66903
Number of spheres after removing spheres too close to each other (approximately <1.5 angstroms): 376
Number of spheres after second pass removing spheres absolutely <0.8 from each other: 297
No crystallographic spheres present, so determining sphere nearest center of ligand (x y z): 36.68594 -15.69362 29.69054
Center point: 67 xyz: 37.11341 -15.31153 29.79902
After continuity checking, number of spheres is: 231
Spheres center of coords (x y z): 38.4693991774892 -13.470750952381 29.7167379220779
Not crystallographic ligand, so keeping spheres closest to center of receptor, center of ligand, and center of spheres
Receptor center of coords (x y z): 31.8514648012436 -21.8165993781924 28.785048856318
Average weighted-distance for final elimination is: 26.3506386788745
Final number of output spheres is: 120
Number of polar spheres: 24
Number of nonpolar spheres: 59
Number of spheres that are near neither polar nor nonpolar receptor atoms: 37
Final number of spheres that are from crystallographic ligand: 0
