There are 30 ligand heavy atoms
Ligand center of coords (x y z): 38.2030666666667 35.4661 12.0866666666667
useligsph flag does not exist.
Starting number of spheres from all_spheres.sph cluster 0: 1456
FINISHED READING IN FILE all_spheres.sph CLUSTER 0 
Number of sphere points after cutting off spheres too far from center of ligand (12 angstroms): 920
Number of spheres after removing too far (>7 angstroms) and too close to receptor (<1.2 angstroms): 920
Number of spheres polar: 241, nonpolar: 517, out of current total: 920
Extents of grid to search are X1 X2 Y1 Y2 Z1 Z2: 26.21984 49.97601 23.49411 47.45966 0.12089 24.01378
Number of spheres after removing spheres too close to each other (approximately <1.5 angstroms): 335
Number of spheres after second pass removing spheres absolutely <0.8 from each other: 255
No crystallographic spheres present, so determining sphere nearest center of ligand (x y z): 38.2030666666667 35.4661 12.0866666666667
Center point: 85 xyz: 38.24334 35.42866 11.29769
After continuity checking, number of spheres is: 190
Spheres center of coords (x y z): 39.3472095789474 37.3271097368421 16.5013261578947
Not crystallographic ligand, so keeping spheres closest to center of receptor, center of ligand, and center of spheres
Receptor center of coords (x y z): 47.7463953323904 37.118597241867 12.1498285007072
Average weighted-distance for final elimination is: 30.8048891082183
Final number of output spheres is: 120
Number of polar spheres: 40
Number of nonpolar spheres: 64
Number of spheres that are near neither polar nor nonpolar receptor atoms: 16
Final number of spheres that are from crystallographic ligand: 0
