There are 30 ligand heavy atoms
Ligand center of coords (x y z): 38.2030666666667 35.4661 12.0866666666667
Using crystallographic ligand as spheres for output
Starting number of spheres from sph/sph cluster 0: 1456
FINISHED READING IN FILE sph/sph CLUSTER 0 
Number of sphere points after cutting off spheres too far from center of ligand (10 angstroms): 637
Number of spheres after removing too far (>7 angstroms) and too close to receptor (<1.2 angstroms): 637
Number of spheres polar: 159, nonpolar: 400, out of current total: 637
Extents of grid to search are X1 X2 Y1 Y2 Z1 Z2: 28.25523 48.06687 25.51853 45.41770 2.08868 22.05714
Number of spheres after removing spheres too close to each other (approximately <1.5 angstroms): 205
Number of spheres after second pass removing spheres absolutely <0.8 from each other: 164
Crystallographic spheres are present, so doing continuity based on crystallographic spheres
After continuity checking, number of spheres is: 132
Spheres center of coords (x y z): 39.8310022727273 36.0362775757576 15.0441558333333
Crystallographic ligand, so keeping spheres closest to ANY ligand atom, center of ligand (1/8), and center of spheres (1/8)
Average weighted-distance for final elimination is: 5.62372380127241
Final number of output spheres is: 45
Number of polar spheres: 10
Number of nonpolar spheres: 31
Number of spheres that are near neither polar nor nonpolar receptor atoms: 4
Final number of spheres that are from crystallographic ligand: 30
