There are 28 ligand heavy atoms
Ligand center of coords (x y z): 24.3466785714286 12.437 22.659
Using crystallographic ligand as spheres for output
Starting number of spheres from sph/sph cluster 0: 1124
FINISHED READING IN FILE sph/sph CLUSTER 0 
Number of sphere points after cutting off spheres too far from center of ligand (10 angstroms): 609
Number of spheres after removing too far (>7 angstroms) and too close to receptor (<1.2 angstroms): 580
Number of spheres polar: 147, nonpolar: 207, out of current total: 580
Extents of grid to search are X1 X2 Y1 Y2 Z1 Z2: 14.36496 34.32594 2.94748 22.42301 12.78147 32.39321
Number of spheres after removing spheres too close to each other (approximately <1.5 angstroms): 264
Number of spheres after second pass removing spheres absolutely <0.8 from each other: 222
Crystallographic spheres are present, so doing continuity based on crystallographic spheres
After continuity checking, number of spheres is: 197
Spheres center of coords (x y z): 21.7017415228426 14.0014550253807 21.9207990862944
Crystallographic ligand, so keeping spheres closest to ANY ligand atom, center of ligand (1/8), and center of spheres (1/8)
Average weighted-distance for final elimination is: 5.76463510247672
Final number of output spheres is: 45
Number of polar spheres: 16
Number of nonpolar spheres: 11
Number of spheres that are near neither polar nor nonpolar receptor atoms: 18
Final number of spheres that are from crystallographic ligand: 28
