There are 22 ligand heavy atoms
Ligand center of coords (x y z): 2.69959090909091 11.4538636363636 24.8025
useligsph flag does not exist.
Starting number of spheres from all_spheres.sph cluster 0: 1371
FINISHED READING IN FILE all_spheres.sph CLUSTER 0 
Number of sphere points after cutting off spheres too far from center of ligand (12 angstroms): 1122
Number of spheres after removing too far (>7 angstroms) and too close to receptor (<1.2 angstroms): 1122
Number of spheres polar: 374, nonpolar: 524, out of current total: 1122
Extents of grid to search are X1 X2 Y1 Y2 Z1 Z2: -8.66818 14.68578 -0.45143 23.37381 12.82887 36.78029
Number of spheres after removing spheres too close to each other (approximately <1.5 angstroms): 356
Number of spheres after second pass removing spheres absolutely <0.8 from each other: 274
No crystallographic spheres present, so determining sphere nearest center of ligand (x y z): 2.69959090909091 11.4538636363636 24.8025
Center point: 143 xyz: 3.32697 11.68900 24.00659
After continuity checking, number of spheres is: 263
Spheres center of coords (x y z): 4.36576368821293 6.87558406844106 25.6801268060837
Not crystallographic ligand, so keeping spheres closest to center of receptor, center of ligand, and center of spheres
Receptor center of coords (x y z): 0.475760880440221 14.6376293146573 20.5193576788394
Average weighted-distance for final elimination is: 28.336814935433
Final number of output spheres is: 120
Number of polar spheres: 46
Number of nonpolar spheres: 54
Number of spheres that are near neither polar nor nonpolar receptor atoms: 20
Final number of spheres that are from crystallographic ligand: 0
