There are 22 ligand heavy atoms
Ligand center of coords (x y z): 2.69959090909091 11.4538636363636 24.8025
Using crystallographic ligand as spheres for output
Starting number of spheres from sph/sph cluster 0: 1371
FINISHED READING IN FILE sph/sph CLUSTER 0 
Number of sphere points after cutting off spheres too far from center of ligand (10 angstroms): 926
Number of spheres after removing too far (>7 angstroms) and too close to receptor (<1.2 angstroms): 926
Number of spheres polar: 264, nonpolar: 493, out of current total: 926
Extents of grid to search are X1 X2 Y1 Y2 Z1 Z2: -4.55791 12.68875 1.48991 16.24168 14.92659 34.80137
Number of spheres after removing spheres too close to each other (approximately <1.5 angstroms): 278
Number of spheres after second pass removing spheres absolutely <0.8 from each other: 221
Crystallographic spheres are present, so doing continuity based on crystallographic spheres
After continuity checking, number of spheres is: 219
Spheres center of coords (x y z): 3.9709704109589 7.36161666666667 25.2656970776256
Crystallographic ligand, so keeping spheres closest to ANY ligand atom, center of ligand (1/8), and center of spheres (1/8)
Average weighted-distance for final elimination is: 7.00974387533687
Final number of output spheres is: 45
Number of polar spheres: 13
Number of nonpolar spheres: 29
Number of spheres that are near neither polar nor nonpolar receptor atoms: 3
Final number of spheres that are from crystallographic ligand: 22
