There are 28 ligand heavy atoms
Ligand center of coords (x y z): -5.32857142857143 27.3478214285714 54.5344285714286
Using crystallographic ligand as spheres for output
Starting number of spheres from sph/sph cluster 0: 948
FINISHED READING IN FILE sph/sph CLUSTER 0 
Number of sphere points after cutting off spheres too far from center of ligand (10 angstroms): 633
Number of spheres after removing too far (>7 angstroms) and too close to receptor (<1.2 angstroms): 628
Number of spheres polar: 133, nonpolar: 304, out of current total: 628
Extents of grid to search are X1 X2 Y1 Y2 Z1 Z2: -15.03076 4.66651 20.01138 37.15496 44.54678 64.42600
Number of spheres after removing spheres too close to each other (approximately <1.5 angstroms): 227
Number of spheres after second pass removing spheres absolutely <0.8 from each other: 188
Crystallographic spheres are present, so doing continuity based on crystallographic spheres
After continuity checking, number of spheres is: 167
Spheres center of coords (x y z): -3.49426694610778 28.2120955688623 55.9109647305389
Crystallographic ligand, so keeping spheres closest to ANY ligand atom, center of ligand (1/8), and center of spheres (1/8)
Average weighted-distance for final elimination is: 5.00065809214152
Final number of output spheres is: 45
Number of polar spheres: 14
Number of nonpolar spheres: 21
Number of spheres that are near neither polar nor nonpolar receptor atoms: 10
Final number of spheres that are from crystallographic ligand: 28
