There are 43 ligand heavy atoms
Ligand center of coords (x y z): -7.78109302325582 -15.0413720930233 -9.7453488372093
useligsph flag does not exist.
Starting number of spheres from all_spheres.sph cluster 0: 1926
FINISHED READING IN FILE all_spheres.sph CLUSTER 0 
Number of sphere points after cutting off spheres too far from center of ligand (12 angstroms): 1446
Number of spheres after removing too far (>7 angstroms) and too close to receptor (<1.2 angstroms): 1446
Number of spheres polar: 231, nonpolar: 875, out of current total: 1446
Extents of grid to search are X1 X2 Y1 Y2 Z1 Z2: -19.76967 4.21852 -27.00354 -3.23472 -20.60890 2.15354
Number of spheres after removing spheres too close to each other (approximately <1.5 angstroms): 492
Number of spheres after second pass removing spheres absolutely <0.8 from each other: 384
No crystallographic spheres present, so determining sphere nearest center of ligand (x y z): -7.78109302325582 -15.0413720930233 -9.7453488372093
Center point: 263 xyz: -7.47355 -15.31954 -9.83278
After continuity checking, number of spheres is: 359
Spheres center of coords (x y z): -4.68020693593315 -17.5840324512535 -8.09326568245124
Not crystallographic ligand, so keeping spheres closest to center of receptor, center of ligand, and center of spheres
Receptor center of coords (x y z): -4.6063349176172 -15.2885773130545 -18.3458117870722
Average weighted-distance for final elimination is: 29.8778725824303
Final number of output spheres is: 120
Number of polar spheres: 32
Number of nonpolar spheres: 53
Number of spheres that are near neither polar nor nonpolar receptor atoms: 35
Final number of spheres that are from crystallographic ligand: 0
